2025-12-05 14:59:50 INFO  c.d.factoraje.FactorajeApplication - Starting FactorajeApplication using Java 1.8.0_441 on SV03L000N3218 with PID 13128 (C:\Users\91737\Documents\WORKPLACE\SOFTWARE DEVELOPMENT\Repositorios davicash\server-DAV-confirming\target\classes started by 91737 in C:\Users\91737\Documents\WORKPLACE\SOFTWARE DEVELOPMENT\Repositorios davicash\server-DAV-confirming)
2025-12-05 14:59:50 INFO  c.d.factoraje.FactorajeApplication - No active profile set, falling back to 1 default profile: "default"
2025-12-05 14:59:50 INFO  o.s.b.d.e.DevToolsPropertyDefaultsPostProcessor - Devtools property defaults active! Set 'spring.devtools.add-properties' to 'false' to disable
2025-12-05 14:59:50 INFO  o.s.b.d.e.DevToolsPropertyDefaultsPostProcessor - For additional web related logging consider setting the 'logging.level.web' property to 'DEBUG'
2025-12-05 14:59:53 INFO  o.s.d.r.c.RepositoryConfigurationDelegate - Bootstrapping Spring Data JPA repositories in DEFAULT mode.
2025-12-05 14:59:53 INFO  o.s.d.r.c.RepositoryConfigurationDelegate - Finished Spring Data repository scanning in 401 ms. Found 12 JPA repository interfaces.
2025-12-05 14:59:56 INFO  o.s.b.w.e.tomcat.TomcatWebServer - Tomcat initialized with port(s): 8080 (http)
2025-12-05 14:59:56 INFO  o.a.catalina.core.StandardService - Starting service [Tomcat]
2025-12-05 14:59:56 INFO  o.a.catalina.core.StandardEngine - Starting Servlet engine: [Apache Tomcat/9.0.83]
2025-12-05 14:59:57 INFO  o.a.c.c.C.[Tomcat].[localhost].[/] - Initializing Spring embedded WebApplicationContext
2025-12-05 14:59:57 INFO  o.s.b.w.s.c.ServletWebServerApplicationContext - Root WebApplicationContext: initialization completed in 6607 ms
2025-12-05 14:59:57 INFO  com.zaxxer.hikari.HikariDataSource - HikariPool-1 - Starting...
2025-12-05 14:59:58 INFO  com.zaxxer.hikari.HikariDataSource - HikariPool-1 - Start completed.
2025-12-05 14:59:59 INFO  o.h.jpa.internal.util.LogHelper - HHH000204: Processing PersistenceUnitInfo [name: default]
2025-12-05 14:59:59 INFO  org.hibernate.Version - HHH000412: Hibernate ORM core version 5.6.15.Final
2025-12-05 14:59:59 INFO  o.h.annotations.common.Version - HCANN000001: Hibernate Commons Annotations {5.1.2.Final}
2025-12-05 14:59:59 INFO  org.hibernate.dialect.Dialect - HHH000400: Using dialect: org.hibernate.dialect.PostgreSQLDialect
2025-12-05 15:00:02 INFO  o.h.e.t.j.p.i.JtaPlatformInitiator - HHH000490: Using JtaPlatform implementation: [org.hibernate.engine.transaction.jta.platform.internal.NoJtaPlatform]
2025-12-05 15:00:02 INFO  o.s.o.j.LocalContainerEntityManagerFactoryBean - Initialized JPA EntityManagerFactory for persistence unit 'default'
2025-12-05 15:00:03 INFO  c.d.f.service.OperationsService - Clave secreta para JWT cargada correctamente.
2025-12-05 15:00:03 INFO  c.d.f.service.OperationsService - Tiempo de expiración para JWT cargado: 900000 ms.
2025-12-05 15:00:04 INFO  c.d.factoraje.service.RoleService - RoleService initialized
2025-12-05 15:00:04 INFO  c.d.factoraje.service.UserService - UserService initialized
2025-12-05 15:00:04 INFO  c.d.factoraje.service.EntityService - EntityService initialized
2025-12-05 15:00:04 INFO  c.d.f.service.DocumentService - DocumentService initialized
2025-12-05 15:00:04 INFO  c.d.f.service.AgreementService - AgreementService initialized
2025-12-05 15:00:04 INFO  c.d.f.controller.AgreementController - AgreementController initialized
2025-12-05 15:00:04 INFO  c.d.factoraje.service.EntornoService - EntornoController initialized
2025-12-05 15:00:04 INFO  c.d.f.controller.AuthController - AuthController initialized
2025-12-05 15:00:04 INFO  c.d.f.controller.EntityController - EntityController initialized
2025-12-05 15:00:04 INFO  c.d.f.service.OperationsService - OperationsService inicializado y listo para usar el servicio de parámetros en caché.
2025-12-05 15:00:04 INFO  c.d.f.c.OperationsController - OperationsController initialized
2025-12-05 15:00:04 INFO  c.d.f.controller.AuthController - ParameterController initialized
2025-12-05 15:00:04 INFO  c.d.f.service.PermissionService - PermissionService initialized
2025-12-05 15:00:04 INFO  c.d.f.c.PermissionController - PermissionController initialized
2025-12-05 15:00:04 INFO  c.d.f.c.ProcessFileController - ProcessFileController initialized
2025-12-05 15:00:04 INFO  c.d.f.controller.RoleController - RoleController initialized
2025-12-05 15:00:04 INFO  c.d.f.controller.UserController - UserController initialized
2025-12-05 15:00:04 INFO  c.d.factoraje.auth.InitEntorno - Inicio--------------
2025-12-05 15:00:04 INFO  c.d.factoraje.auth.InitEntorno - ------- Establenciendo conexion --------
2025-12-05 15:00:04 INFO  c.d.f.d.FabricaEntornoCoreSpring - parametro de conexion jndi: java:comp/env/jdbc/J2EntornoDB
2025-12-05 15:00:04 ERROR c.d.f.d.FabricaEntornoCoreSpring - FabricaEntornoCoreSpring||obtenerSpringDSConexion error en la configuracion del jndy
2025-12-05 15:00:04 INFO  c.d.f.d.FabricaEntornoCoreSpring - parametro de conexion jndi: java:comp/env/jdbc/J2EntornoDB
2025-12-05 15:00:04 ERROR c.d.f.d.FabricaEntornoCoreSpring - FabricaEntornoCoreSpring||obtenerSpringDSConexion error en la configuracion del jndy
2025-12-05 15:00:04 INFO  c.d.factoraje.auth.InitEntorno - Codigo App Entorno: FactorajeAuthBEL
2025-12-05 15:00:04 INFO  c.d.factoraje.auth.InitEntorno - TotalFabricas:::1
2025-12-05 15:00:04 INFO  c.d.factoraje.auth.InitEntorno - Fin-----------------
2025-12-05 15:00:05 WARN  o.s.b.a.o.j.JpaBaseConfiguration$JpaWebConfiguration - spring.jpa.open-in-view is enabled by default. Therefore, database queries may be performed during view rendering. Explicitly configure spring.jpa.open-in-view to disable this warning
2025-12-05 15:00:06 INFO  o.s.b.d.a.OptionalLiveReloadServer - LiveReload server is running on port 35729
2025-12-05 15:00:06 INFO  o.s.b.w.e.tomcat.TomcatWebServer - Tomcat started on port(s): 8080 (http) with context path ''
2025-12-05 15:00:06 INFO  c.d.factoraje.FactorajeApplication - Started FactorajeApplication in 16.813 seconds (JVM running for 17.715)
2025-12-05 15:01:22 INFO  o.a.c.c.C.[Tomcat].[localhost].[/] - Initializing Spring DispatcherServlet 'dispatcherServlet'
2025-12-05 15:01:22 INFO  o.s.web.servlet.DispatcherServlet - Initializing Servlet 'dispatcherServlet'
2025-12-05 15:01:22 INFO  o.s.web.servlet.DispatcherServlet - Completed initialization in 6 ms
2025-12-05 15:01:23 INFO  c.d.f.controller.UserController - GET /api/users/user - fetch logged user data
2025-12-05 15:01:52 INFO  c.d.f.controller.UserController - GET /api/users/user - fetch logged user data
2025-12-05 15:02:23 INFO  c.d.f.controller.UserController - GET /api/users/user - fetch logged user data
2025-12-05 15:02:30 INFO  c.d.f.controller.AuthController - POST /api/auth/logout - logout attempt
2025-12-05 15:02:30 INFO  c.d.f.controller.AuthController - Logout successful
2025-12-05 15:02:41 INFO  c.d.f.controller.UserController - GET /api/users/user - fetch logged user data
2025-12-05 15:02:41 INFO  c.d.f.controller.AgreementController - GET /api/agreement/bySupplier/06590e1a-78f0-4f63-9ef7-5ded8127a0e8 - fetch agreements by supplier
2025-12-05 15:02:41 INFO  c.d.f.controller.AgreementController - Found 1 agreements for supplier 06590e1a-78f0-4f63-9ef7-5ded8127a0e8
2025-12-05 15:02:43 INFO  c.d.f.controller.EntityController - GET /api/entities/06590e1a-78f0-4f63-9ef7-5ded8127a0e8 - get entity by id
2025-12-05 15:02:43 INFO  c.d.f.controller.EntityController - Entity found for id=06590e1a-78f0-4f63-9ef7-5ded8127a0e8
2025-12-05 15:02:44 INFO  c.d.f.c.OperationsController - POST /api/operations/calculate - Received 3 calculation items
2025-12-05 15:02:44 INFO  c.d.f.service.OperationsService - Iniciando cálculo para 3 item(s).
2025-12-05 15:02:44 INFO  c.d.f.service.OperationsService - Parámetros para esta transacción -> Interés=0.105, Comisión=0.025, Base=365, Days={}
2025-12-05 15:02:44 INFO  c.d.f.service.OperationsService - Cálculo finalizado. Total a desembolsar: 29601.250553153256
2025-12-05 15:02:44 INFO  c.d.f.service.OperationsService - Cálculo finalizado. Comisión total: 755.62625
2025-12-05 15:02:44 INFO  c.d.f.service.OperationsService - Monto total a financiar: 30357.527096072357
2025-12-05 15:02:44 INFO  c.d.f.service.OperationsService - Monto total: 30225.05
2025-12-05 15:02:44 INFO  c.d.f.c.OperationsController - Calculation successful for 3 items
2025-12-05 15:11:34 INFO  c.d.f.c.OperationsController - POST /api/operations/calculate - Received 3 calculation items
2025-12-05 15:11:34 INFO  c.d.f.service.OperationsService - Iniciando cálculo para 3 item(s).
2025-12-05 15:11:34 INFO  c.d.f.service.OperationsService - Parámetros para esta transacción -> Interés=0.105, Comisión=0.025, Base=365, Days={}
2025-12-05 15:11:34 INFO  c.d.f.service.OperationsService - Cálculo finalizado. Total a desembolsar: 29601.250553153256
2025-12-05 15:11:34 INFO  c.d.f.service.OperationsService - Cálculo finalizado. Comisión total: 755.62625
2025-12-05 15:11:34 INFO  c.d.f.service.OperationsService - Monto total a financiar: 30357.527096072357
2025-12-05 15:11:34 INFO  c.d.f.service.OperationsService - Monto total: 30225.05
2025-12-05 15:11:34 INFO  c.d.f.c.OperationsController - Calculation successful for 3 items
2025-12-05 15:12:04 INFO  c.d.f.controller.EntityController - GET /api/entities/06590e1a-78f0-4f63-9ef7-5ded8127a0e8 - get entity by id
2025-12-05 15:12:04 INFO  c.d.f.controller.EntityController - Entity found for id=06590e1a-78f0-4f63-9ef7-5ded8127a0e8
2025-12-05 15:12:04 INFO  c.d.f.c.OperationsController - POST /api/operations/calculate - Received 3 calculation items
2025-12-05 15:12:04 INFO  c.d.f.service.OperationsService - Iniciando cálculo para 3 item(s).
2025-12-05 15:12:04 INFO  c.d.f.service.OperationsService - Parámetros para esta transacción -> Interés=0.105, Comisión=0.025, Base=365, Days={}
2025-12-05 15:12:04 INFO  c.d.f.service.OperationsService - Cálculo finalizado. Total a desembolsar: 29601.250553153256
2025-12-05 15:12:04 INFO  c.d.f.service.OperationsService - Cálculo finalizado. Comisión total: 755.62625
2025-12-05 15:12:04 INFO  c.d.f.service.OperationsService - Monto total a financiar: 30357.527096072357
2025-12-05 15:12:04 INFO  c.d.f.service.OperationsService - Monto total: 30225.05
2025-12-05 15:12:04 INFO  c.d.f.c.OperationsController - Calculation successful for 3 items
2025-12-05 15:12:12 INFO  c.d.f.controller.EntityController - GET /api/entities/06590e1a-78f0-4f63-9ef7-5ded8127a0e8 - get entity by id
2025-12-05 15:12:12 INFO  c.d.f.controller.EntityController - Entity found for id=06590e1a-78f0-4f63-9ef7-5ded8127a0e8
2025-12-05 15:12:12 INFO  c.d.f.c.OperationsController - POST /api/operations/calculate - Received 3 calculation items
2025-12-05 15:12:12 INFO  c.d.f.service.OperationsService - Iniciando cálculo para 3 item(s).
2025-12-05 15:12:12 INFO  c.d.f.service.OperationsService - Parámetros para esta transacción -> Interés=0.105, Comisión=0.025, Base=365, Days={}
2025-12-05 15:12:12 INFO  c.d.f.service.OperationsService - Cálculo finalizado. Total a desembolsar: 29601.250553153256
2025-12-05 15:12:12 INFO  c.d.f.service.OperationsService - Cálculo finalizado. Comisión total: 755.62625
2025-12-05 15:12:12 INFO  c.d.f.service.OperationsService - Monto total a financiar: 30357.527096072357
2025-12-05 15:12:12 INFO  c.d.f.service.OperationsService - Monto total: 30225.05
2025-12-05 15:12:12 INFO  c.d.f.c.OperationsController - Calculation successful for 3 items
2025-12-05 15:12:22 INFO  c.d.f.controller.EntityController - GET /api/entities/06590e1a-78f0-4f63-9ef7-5ded8127a0e8 - get entity by id
2025-12-05 15:12:22 INFO  c.d.f.c.OperationsController - POST /api/operations/calculate - Received 3 calculation items
2025-12-05 15:12:22 INFO  c.d.f.service.OperationsService - Iniciando cálculo para 3 item(s).
2025-12-05 15:12:22 INFO  c.d.f.service.OperationsService - Parámetros para esta transacción -> Interés=0.105, Comisión=0.025, Base=365, Days={}
2025-12-05 15:12:22 INFO  c.d.f.controller.EntityController - Entity found for id=06590e1a-78f0-4f63-9ef7-5ded8127a0e8
2025-12-05 15:12:22 INFO  c.d.f.service.OperationsService - Cálculo finalizado. Total a desembolsar: 29601.250553153256
2025-12-05 15:12:22 INFO  c.d.f.service.OperationsService - Cálculo finalizado. Comisión total: 755.62625
2025-12-05 15:12:22 INFO  c.d.f.service.OperationsService - Monto total a financiar: 30357.527096072357
2025-12-05 15:12:22 INFO  c.d.f.service.OperationsService - Monto total: 30225.05
2025-12-05 15:12:22 INFO  c.d.f.c.OperationsController - Calculation successful for 3 items
2025-12-05 15:12:23 INFO  c.d.f.controller.EntityController - GET /api/entities/06590e1a-78f0-4f63-9ef7-5ded8127a0e8 - get entity by id
2025-12-05 15:12:23 INFO  c.d.f.c.OperationsController - POST /api/operations/calculate - Received 3 calculation items
2025-12-05 15:12:23 INFO  c.d.f.service.OperationsService - Iniciando cálculo para 3 item(s).
2025-12-05 15:12:23 INFO  c.d.f.service.OperationsService - Parámetros para esta transacción -> Interés=0.105, Comisión=0.025, Base=365, Days={}
2025-12-05 15:12:23 INFO  c.d.f.controller.EntityController - Entity found for id=06590e1a-78f0-4f63-9ef7-5ded8127a0e8
2025-12-05 15:12:23 INFO  c.d.f.service.OperationsService - Cálculo finalizado. Total a desembolsar: 29601.250553153256
2025-12-05 15:12:23 INFO  c.d.f.service.OperationsService - Cálculo finalizado. Comisión total: 755.62625
2025-12-05 15:12:23 INFO  c.d.f.service.OperationsService - Monto total a financiar: 30357.527096072357
2025-12-05 15:12:23 INFO  c.d.f.service.OperationsService - Monto total: 30225.05
2025-12-05 15:12:23 INFO  c.d.f.c.OperationsController - Calculation successful for 3 items
2025-12-05 15:15:05 INFO  c.d.f.controller.EntityController - GET /api/entities/06590e1a-78f0-4f63-9ef7-5ded8127a0e8 - get entity by id
2025-12-05 15:15:05 INFO  c.d.f.c.OperationsController - POST /api/operations/calculate - Received 3 calculation items
2025-12-05 15:15:05 INFO  c.d.f.service.OperationsService - Iniciando cálculo para 3 item(s).
2025-12-05 15:15:05 INFO  c.d.f.service.OperationsService - Parámetros para esta transacción -> Interés=0.105, Comisión=0.025, Base=365, Days={}
2025-12-05 15:15:05 INFO  c.d.f.controller.EntityController - Entity found for id=06590e1a-78f0-4f63-9ef7-5ded8127a0e8
2025-12-05 15:15:05 INFO  c.d.f.service.OperationsService - Cálculo finalizado. Total a desembolsar: 29601.250553153256
2025-12-05 15:15:05 INFO  c.d.f.service.OperationsService - Cálculo finalizado. Comisión total: 755.62625
2025-12-05 15:15:05 INFO  c.d.f.service.OperationsService - Monto total a financiar: 30357.527096072357
2025-12-05 15:15:05 INFO  c.d.f.service.OperationsService - Monto total: 30225.05
2025-12-05 15:15:05 INFO  c.d.f.c.OperationsController - Calculation successful for 3 items
2025-12-05 15:18:12 WARN  c.d.f.service.OperationsService - El token JWT ha expirado: JWT expired at 2025-12-05T21:17:41Z. Current time: 2025-12-05T21:18:12Z, a difference of 31131 milliseconds.  Allowed clock skew: 0 milliseconds.
2025-12-05 15:18:26 WARN  c.d.f.service.OperationsService - El token JWT ha expirado: JWT expired at 2025-12-05T21:17:41Z. Current time: 2025-12-05T21:18:26Z, a difference of 45321 milliseconds.  Allowed clock skew: 0 milliseconds.
2025-12-05 15:18:26 WARN  c.d.f.service.OperationsService - El token JWT ha expirado: JWT expired at 2025-12-05T21:17:41Z. Current time: 2025-12-05T21:18:26Z, a difference of 45332 milliseconds.  Allowed clock skew: 0 milliseconds.
2025-12-05 15:18:42 WARN  c.d.f.service.OperationsService - El token JWT ha expirado: JWT expired at 2025-12-05T21:17:41Z. Current time: 2025-12-05T21:18:42Z, a difference of 61557 milliseconds.  Allowed clock skew: 0 milliseconds.
2025-12-05 15:18:42 WARN  c.d.f.service.OperationsService - El token JWT ha expirado: JWT expired at 2025-12-05T21:17:41Z. Current time: 2025-12-05T21:18:42Z, a difference of 61574 milliseconds.  Allowed clock skew: 0 milliseconds.
2025-12-05 15:19:00 WARN  c.d.f.service.OperationsService - El token JWT ha expirado: JWT expired at 2025-12-05T21:17:41Z. Current time: 2025-12-05T21:19:00Z, a difference of 79804 milliseconds.  Allowed clock skew: 0 milliseconds.
2025-12-05 15:19:00 WARN  c.d.f.service.OperationsService - El token JWT ha expirado: JWT expired at 2025-12-05T21:17:41Z. Current time: 2025-12-05T21:19:00Z, a difference of 79813 milliseconds.  Allowed clock skew: 0 milliseconds.
2025-12-05 15:19:02 WARN  c.d.f.service.OperationsService - El token JWT ha expirado: JWT expired at 2025-12-05T21:17:41Z. Current time: 2025-12-05T21:19:02Z, a difference of 81953 milliseconds.  Allowed clock skew: 0 milliseconds.
2025-12-05 15:19:02 WARN  c.d.f.service.OperationsService - El token JWT ha expirado: JWT expired at 2025-12-05T21:17:41Z. Current time: 2025-12-05T21:19:02Z, a difference of 81972 milliseconds.  Allowed clock skew: 0 milliseconds.
2025-12-05 15:19:04 WARN  c.d.f.service.OperationsService - El token JWT ha expirado: JWT expired at 2025-12-05T21:17:41Z. Current time: 2025-12-05T21:19:04Z, a difference of 83892 milliseconds.  Allowed clock skew: 0 milliseconds.
2025-12-05 15:19:04 WARN  c.d.f.service.OperationsService - El token JWT ha expirado: JWT expired at 2025-12-05T21:17:41Z. Current time: 2025-12-05T21:19:04Z, a difference of 83894 milliseconds.  Allowed clock skew: 0 milliseconds.
2025-12-05 15:19:11 WARN  c.d.f.service.OperationsService - El token JWT ha expirado: JWT expired at 2025-12-05T21:17:41Z. Current time: 2025-12-05T21:19:11Z, a difference of 90503 milliseconds.  Allowed clock skew: 0 milliseconds.
2025-12-05 15:19:11 WARN  c.d.f.service.OperationsService - El token JWT ha expirado: JWT expired at 2025-12-05T21:17:41Z. Current time: 2025-12-05T21:19:11Z, a difference of 90508 milliseconds.  Allowed clock skew: 0 milliseconds.
2025-12-05 15:19:15 WARN  c.d.f.service.OperationsService - El token JWT ha expirado: JWT expired at 2025-12-05T21:17:41Z. Current time: 2025-12-05T21:19:15Z, a difference of 94963 milliseconds.  Allowed clock skew: 0 milliseconds.
2025-12-05 15:19:15 WARN  c.d.f.service.OperationsService - El token JWT ha expirado: JWT expired at 2025-12-05T21:17:41Z. Current time: 2025-12-05T21:19:15Z, a difference of 94967 milliseconds.  Allowed clock skew: 0 milliseconds.
2025-12-05 15:19:17 WARN  c.d.f.service.OperationsService - El token JWT ha expirado: JWT expired at 2025-12-05T21:17:41Z. Current time: 2025-12-05T21:19:17Z, a difference of 96524 milliseconds.  Allowed clock skew: 0 milliseconds.
2025-12-05 15:19:17 WARN  c.d.f.service.OperationsService - El token JWT ha expirado: JWT expired at 2025-12-05T21:17:41Z. Current time: 2025-12-05T21:19:17Z, a difference of 96545 milliseconds.  Allowed clock skew: 0 milliseconds.
2025-12-05 15:19:18 WARN  c.d.f.service.OperationsService - El token JWT ha expirado: JWT expired at 2025-12-05T21:17:41Z. Current time: 2025-12-05T21:19:18Z, a difference of 97813 milliseconds.  Allowed clock skew: 0 milliseconds.
2025-12-05 15:19:18 WARN  c.d.f.service.OperationsService - El token JWT ha expirado: JWT expired at 2025-12-05T21:17:41Z. Current time: 2025-12-05T21:19:18Z, a difference of 97832 milliseconds.  Allowed clock skew: 0 milliseconds.
2025-12-05 15:19:32 WARN  c.d.f.service.OperationsService - El token JWT ha expirado: JWT expired at 2025-12-05T21:17:41Z. Current time: 2025-12-05T21:19:32Z, a difference of 111637 milliseconds.  Allowed clock skew: 0 milliseconds.
2025-12-05 15:19:32 WARN  c.d.f.service.OperationsService - El token JWT ha expirado: JWT expired at 2025-12-05T21:17:41Z. Current time: 2025-12-05T21:19:32Z, a difference of 111641 milliseconds.  Allowed clock skew: 0 milliseconds.
2025-12-05 15:20:28 WARN  c.d.f.service.OperationsService - El token JWT ha expirado: JWT expired at 2025-12-05T21:17:41Z. Current time: 2025-12-05T21:20:28Z, a difference of 167858 milliseconds.  Allowed clock skew: 0 milliseconds.
2025-12-05 15:20:28 WARN  c.d.f.service.OperationsService - El token JWT ha expirado: JWT expired at 2025-12-05T21:17:41Z. Current time: 2025-12-05T21:20:28Z, a difference of 167873 milliseconds.  Allowed clock skew: 0 milliseconds.
2025-12-05 15:20:45 WARN  c.d.f.service.OperationsService - El token JWT ha expirado: JWT expired at 2025-12-05T21:17:41Z. Current time: 2025-12-05T21:20:45Z, a difference of 184171 milliseconds.  Allowed clock skew: 0 milliseconds.
2025-12-05 15:20:53 WARN  c.d.f.service.OperationsService - El token JWT ha expirado: JWT expired at 2025-12-05T21:17:41Z. Current time: 2025-12-05T21:20:53Z, a difference of 192108 milliseconds.  Allowed clock skew: 0 milliseconds.
2025-12-05 15:22:21 WARN  c.d.f.service.OperationsService - El token JWT ha expirado: JWT expired at 2025-12-05T21:17:41Z. Current time: 2025-12-05T21:22:21Z, a difference of 280601 milliseconds.  Allowed clock skew: 0 milliseconds.
2025-12-05 15:22:21 WARN  c.d.f.service.OperationsService - El token JWT ha expirado: JWT expired at 2025-12-05T21:17:41Z. Current time: 2025-12-05T21:22:21Z, a difference of 280620 milliseconds.  Allowed clock skew: 0 milliseconds.
2025-12-05 15:22:41 WARN  c.d.f.service.OperationsService - El token JWT ha expirado: JWT expired at 2025-12-05T21:17:41Z. Current time: 2025-12-05T21:22:41Z, a difference of 300954 milliseconds.  Allowed clock skew: 0 milliseconds.
2025-12-05 15:23:02 WARN  c.d.f.service.OperationsService - El token JWT ha expirado: JWT expired at 2025-12-05T21:17:41Z. Current time: 2025-12-05T21:23:02Z, a difference of 321838 milliseconds.  Allowed clock skew: 0 milliseconds.
2025-12-05 15:23:04 WARN  c.d.f.service.OperationsService - El token JWT ha expirado: JWT expired at 2025-12-05T21:17:41Z. Current time: 2025-12-05T21:23:04Z, a difference of 323145 milliseconds.  Allowed clock skew: 0 milliseconds.
2025-12-05 15:23:05 WARN  c.d.f.service.OperationsService - El token JWT ha expirado: JWT expired at 2025-12-05T21:17:41Z. Current time: 2025-12-05T21:23:05Z, a difference of 324948 milliseconds.  Allowed clock skew: 0 milliseconds.
2025-12-05 15:23:14 WARN  c.d.f.service.OperationsService - El token JWT ha expirado: JWT expired at 2025-12-05T21:17:41Z. Current time: 2025-12-05T21:23:14Z, a difference of 333254 milliseconds.  Allowed clock skew: 0 milliseconds.
2025-12-05 15:24:01 INFO  c.d.f.controller.UserController - GET /api/users/user - fetch logged user data
2025-12-05 15:24:02 INFO  c.d.f.controller.AgreementController - GET /api/agreement/bySupplier/06590e1a-78f0-4f63-9ef7-5ded8127a0e8 - fetch agreements by supplier
2025-12-05 15:24:02 INFO  c.d.f.controller.AgreementController - Found 1 agreements for supplier 06590e1a-78f0-4f63-9ef7-5ded8127a0e8
2025-12-05 15:25:34 INFO  c.d.f.controller.UserController - GET /api/users/user - fetch logged user data
2025-12-05 15:25:34 INFO  c.d.f.controller.AgreementController - GET /api/agreement/bySupplier/06590e1a-78f0-4f63-9ef7-5ded8127a0e8 - fetch agreements by supplier
2025-12-05 15:25:34 INFO  c.d.f.controller.AgreementController - Found 1 agreements for supplier 06590e1a-78f0-4f63-9ef7-5ded8127a0e8
2025-12-05 15:26:15 INFO  c.d.f.controller.EntityController - GET /api/entities/06590e1a-78f0-4f63-9ef7-5ded8127a0e8 - get entity by id
2025-12-05 15:26:15 INFO  c.d.f.controller.EntityController - Entity found for id=06590e1a-78f0-4f63-9ef7-5ded8127a0e8
2025-12-05 15:26:15 INFO  c.d.f.c.OperationsController - POST /api/operations/calculate - Received 3 calculation items
2025-12-05 15:26:15 INFO  c.d.f.service.OperationsService - Iniciando cálculo para 3 item(s).
2025-12-05 15:26:15 INFO  c.d.f.service.OperationsService - Parámetros para esta transacción -> Interés=0.105, Comisión=0.025, Base=365, Days={}
2025-12-05 15:26:15 INFO  c.d.f.service.OperationsService - Cálculo finalizado. Total a desembolsar: 29601.250553153256
2025-12-05 15:26:15 INFO  c.d.f.service.OperationsService - Cálculo finalizado. Comisión total: 755.62625
2025-12-05 15:26:15 INFO  c.d.f.service.OperationsService - Monto total a financiar: 30357.527096072357
2025-12-05 15:26:15 INFO  c.d.f.service.OperationsService - Monto total: 30225.05
2025-12-05 15:26:15 INFO  c.d.f.c.OperationsController - Calculation successful for 3 items
2025-12-05 15:27:12 INFO  c.d.f.c.OperationsController - POST /api/operations/calculate - Received 2 calculation items
2025-12-05 15:27:12 INFO  c.d.f.service.OperationsService - Iniciando cálculo para 2 item(s).
2025-12-05 15:27:12 INFO  c.d.f.service.OperationsService - Parámetros para esta transacción -> Interés=0.105, Comisión=0.025, Base=365, Days={}
2025-12-05 15:27:12 INFO  c.d.f.service.OperationsService - Cálculo finalizado. Total a desembolsar: 27840.134052708480
2025-12-05 15:27:12 INFO  c.d.f.service.OperationsService - Cálculo finalizado. Comisión total: 710.61550
2025-12-05 15:27:12 INFO  c.d.f.service.OperationsService - Monto total a financiar: 28551.381760128188
2025-12-05 15:27:12 INFO  c.d.f.service.OperationsService - Monto total: 28424.62
2025-12-05 15:27:12 INFO  c.d.f.c.OperationsController - Calculation successful for 2 items
2025-12-05 15:27:13 INFO  c.d.f.c.OperationsController - POST /api/operations/calculate - Received 1 calculation items
2025-12-05 15:27:13 INFO  c.d.f.service.OperationsService - Iniciando cálculo para 1 item(s).
2025-12-05 15:27:13 INFO  c.d.f.service.OperationsService - Parámetros para esta transacción -> Interés=0.105, Comisión=0.025, Base=365, Days={}
2025-12-05 15:27:13 INFO  c.d.f.service.OperationsService - Cálculo finalizado. Total a desembolsar: 11557.0576403376
2025-12-05 15:27:13 INFO  c.d.f.service.OperationsService - Cálculo finalizado. Comisión total: 295.550
2025-12-05 15:27:13 INFO  c.d.f.service.OperationsService - Monto total a financiar: 11852.6870900886
2025-12-05 15:27:13 INFO  c.d.f.service.OperationsService - Monto total: 11822
2025-12-05 15:27:13 INFO  c.d.f.c.OperationsController - Calculation successful for 1 items
2025-12-05 15:27:21 INFO  c.d.f.c.OperationsController - POST /api/operations/calculate - Received 1 calculation items
2025-12-05 15:27:21 INFO  c.d.f.service.OperationsService - Iniciando cálculo para 1 item(s).
2025-12-05 15:27:21 INFO  c.d.f.service.OperationsService - Parámetros para esta transacción -> Interés=0.105, Comisión=0.025, Base=365, Days={}
2025-12-05 15:27:21 INFO  c.d.f.service.OperationsService - Cálculo finalizado. Total a desembolsar: 11557.0576403376
2025-12-05 15:27:21 INFO  c.d.f.service.OperationsService - Cálculo finalizado. Comisión total: 295.550
2025-12-05 15:27:21 INFO  c.d.f.service.OperationsService - Monto total a financiar: 11852.6870900886
2025-12-05 15:27:21 INFO  c.d.f.service.OperationsService - Monto total: 11822
2025-12-05 15:27:21 INFO  c.d.f.c.OperationsController - Calculation successful for 1 items
2025-12-05 15:29:06 INFO  c.d.f.c.OperationsController - POST /api/operations/calculate - Received 1 calculation items
2025-12-05 15:29:06 INFO  c.d.f.service.OperationsService - Iniciando cálculo para 1 item(s).
2025-12-05 15:29:06 INFO  c.d.f.service.OperationsService - Parámetros para esta transacción -> Interés=0.105, Comisión=0.025, Base=365, Days={}
2025-12-05 15:29:06 INFO  c.d.f.service.OperationsService - Cálculo finalizado. Total a desembolsar: 11557.0576403376
2025-12-05 15:29:06 INFO  c.d.f.service.OperationsService - Cálculo finalizado. Comisión total: 295.550
2025-12-05 15:29:06 INFO  c.d.f.service.OperationsService - Monto total a financiar: 11852.6870900886
2025-12-05 15:29:06 INFO  c.d.f.service.OperationsService - Monto total: 11822
2025-12-05 15:29:06 INFO  c.d.f.c.OperationsController - Calculation successful for 1 items
2025-12-05 15:29:19 INFO  c.d.f.controller.AgreementController - GET /api/agreement/bySupplier/06590e1a-78f0-4f63-9ef7-5ded8127a0e8 - fetch agreements by supplier
2025-12-05 15:29:19 INFO  c.d.f.controller.AgreementController - Found 1 agreements for supplier 06590e1a-78f0-4f63-9ef7-5ded8127a0e8
2025-12-05 15:29:20 INFO  c.d.f.controller.EntityController - GET /api/entities/06590e1a-78f0-4f63-9ef7-5ded8127a0e8 - get entity by id
2025-12-05 15:29:20 INFO  c.d.f.controller.EntityController - Entity found for id=06590e1a-78f0-4f63-9ef7-5ded8127a0e8
2025-12-05 15:29:20 INFO  c.d.f.c.OperationsController - POST /api/operations/calculate - Received 3 calculation items
2025-12-05 15:29:20 INFO  c.d.f.service.OperationsService - Iniciando cálculo para 3 item(s).
2025-12-05 15:29:20 INFO  c.d.f.service.OperationsService - Parámetros para esta transacción -> Interés=0.105, Comisión=0.025, Base=365, Days={}
2025-12-05 15:29:20 INFO  c.d.f.service.OperationsService - Cálculo finalizado. Total a desembolsar: 29601.250553153256
2025-12-05 15:29:20 INFO  c.d.f.service.OperationsService - Cálculo finalizado. Comisión total: 755.62625
2025-12-05 15:29:20 INFO  c.d.f.service.OperationsService - Monto total a financiar: 30357.527096072357
2025-12-05 15:29:20 INFO  c.d.f.service.OperationsService - Monto total: 30225.05
2025-12-05 15:29:20 INFO  c.d.f.c.OperationsController - Calculation successful for 3 items
2025-12-05 15:29:24 INFO  c.d.f.c.OperationsController - POST /api/operations/calculate - Received 2 calculation items
2025-12-05 15:29:24 INFO  c.d.f.service.OperationsService - Iniciando cálculo para 2 item(s).
2025-12-05 15:29:24 INFO  c.d.f.service.OperationsService - Parámetros para esta transacción -> Interés=0.105, Comisión=0.025, Base=365, Days={}
2025-12-05 15:29:24 INFO  c.d.f.service.OperationsService - Cálculo finalizado. Total a desembolsar: 27840.134052708480
2025-12-05 15:29:24 INFO  c.d.f.service.OperationsService - Cálculo finalizado. Comisión total: 710.61550
2025-12-05 15:29:24 INFO  c.d.f.service.OperationsService - Monto total a financiar: 28551.381760128188
2025-12-05 15:29:24 INFO  c.d.f.service.OperationsService - Monto total: 28424.62
2025-12-05 15:29:24 INFO  c.d.f.c.OperationsController - Calculation successful for 2 items
2025-12-05 15:29:25 INFO  c.d.f.c.OperationsController - POST /api/operations/calculate - Received 1 calculation items
2025-12-05 15:29:25 INFO  c.d.f.service.OperationsService - Iniciando cálculo para 1 item(s).
2025-12-05 15:29:25 INFO  c.d.f.service.OperationsService - Parámetros para esta transacción -> Interés=0.105, Comisión=0.025, Base=365, Days={}
2025-12-05 15:29:25 INFO  c.d.f.service.OperationsService - Cálculo finalizado. Total a desembolsar: 11557.0576403376
2025-12-05 15:29:25 INFO  c.d.f.service.OperationsService - Cálculo finalizado. Comisión total: 295.550
2025-12-05 15:29:25 INFO  c.d.f.service.OperationsService - Monto total a financiar: 11852.6870900886
2025-12-05 15:29:25 INFO  c.d.f.service.OperationsService - Monto total: 11822
2025-12-05 15:29:25 INFO  c.d.f.c.OperationsController - Calculation successful for 1 items
2025-12-05 15:29:27 INFO  c.d.f.c.OperationsController - POST /api/operations/calculate - Received 1 calculation items
2025-12-05 15:29:27 INFO  c.d.f.service.OperationsService - Iniciando cálculo para 1 item(s).
2025-12-05 15:29:27 INFO  c.d.f.service.OperationsService - Parámetros para esta transacción -> Interés=0.105, Comisión=0.025, Base=365, Days={}
2025-12-05 15:29:27 INFO  c.d.f.service.OperationsService - Cálculo finalizado. Total a desembolsar: 11557.0576403376
2025-12-05 15:29:27 INFO  c.d.f.service.OperationsService - Cálculo finalizado. Comisión total: 295.550
2025-12-05 15:29:27 INFO  c.d.f.service.OperationsService - Monto total a financiar: 11852.6870900886
2025-12-05 15:29:27 INFO  c.d.f.service.OperationsService - Monto total: 11822
2025-12-05 15:29:27 INFO  c.d.f.c.OperationsController - Calculation successful for 1 items
2025-12-05 15:30:47 INFO  c.d.f.c.OperationsController - POST /api/operations/calculate - Received 2 calculation items
2025-12-05 15:30:47 INFO  c.d.f.service.OperationsService - Iniciando cálculo para 2 item(s).
2025-12-05 15:30:47 INFO  c.d.f.service.OperationsService - Parámetros para esta transacción -> Interés=0.105, Comisión=0.025, Base=365, Days={}
2025-12-05 15:30:47 INFO  c.d.f.service.OperationsService - Cálculo finalizado. Total a desembolsar: 13318.174140782376
2025-12-05 15:30:47 INFO  c.d.f.service.OperationsService - Cálculo finalizado. Comisión total: 340.56075
2025-12-05 15:30:47 INFO  c.d.f.service.OperationsService - Monto total a financiar: 13658.832426032769
2025-12-05 15:30:47 INFO  c.d.f.service.OperationsService - Monto total: 13622.43
2025-12-05 15:30:47 INFO  c.d.f.c.OperationsController - Calculation successful for 2 items
2025-12-05 15:30:49 INFO  c.d.f.c.OperationsController - POST /api/operations/calculate - Received 2 calculation items
2025-12-05 15:30:49 INFO  c.d.f.service.OperationsService - Iniciando cálculo para 2 item(s).
2025-12-05 15:30:49 INFO  c.d.f.service.OperationsService - Parámetros para esta transacción -> Interés=0.105, Comisión=0.025, Base=365, Days={}
2025-12-05 15:30:49 INFO  c.d.f.service.OperationsService - Cálculo finalizado. Total a desembolsar: 13318.174140782376
2025-12-05 15:30:49 INFO  c.d.f.service.OperationsService - Cálculo finalizado. Comisión total: 340.56075
2025-12-05 15:30:49 INFO  c.d.f.service.OperationsService - Monto total a financiar: 13658.832426032769
2025-12-05 15:30:49 INFO  c.d.f.service.OperationsService - Monto total: 13622.43
2025-12-05 15:30:49 INFO  c.d.f.c.OperationsController - Calculation successful for 2 items
2025-12-05 15:31:12 INFO  c.d.f.controller.EntityController - GET /api/entities/06590e1a-78f0-4f63-9ef7-5ded8127a0e8 - get entity by id
2025-12-05 15:31:12 INFO  c.d.f.c.OperationsController - POST /api/operations/calculate - Received 3 calculation items
2025-12-05 15:31:12 INFO  c.d.f.controller.EntityController - Entity found for id=06590e1a-78f0-4f63-9ef7-5ded8127a0e8
2025-12-05 15:31:12 INFO  c.d.f.service.OperationsService - Iniciando cálculo para 3 item(s).
2025-12-05 15:31:12 INFO  c.d.f.service.OperationsService - Parámetros para esta transacción -> Interés=0.105, Comisión=0.025, Base=365, Days={}
2025-12-05 15:31:12 INFO  c.d.f.service.OperationsService - Cálculo finalizado. Total a desembolsar: 29601.250553153256
2025-12-05 15:31:12 INFO  c.d.f.service.OperationsService - Cálculo finalizado. Comisión total: 755.62625
2025-12-05 15:31:12 INFO  c.d.f.service.OperationsService - Monto total a financiar: 30357.527096072357
2025-12-05 15:31:12 INFO  c.d.f.service.OperationsService - Monto total: 30225.05
2025-12-05 15:31:12 INFO  c.d.f.c.OperationsController - Calculation successful for 3 items
2025-12-05 15:31:17 INFO  c.d.f.c.OperationsController - POST /api/operations/calculate - Received 2 calculation items
2025-12-05 15:31:17 INFO  c.d.f.service.OperationsService - Iniciando cálculo para 2 item(s).
2025-12-05 15:31:17 INFO  c.d.f.service.OperationsService - Parámetros para esta transacción -> Interés=0.105, Comisión=0.025, Base=365, Days={}
2025-12-05 15:31:17 INFO  c.d.f.service.OperationsService - Cálculo finalizado. Total a desembolsar: 27840.134052708480
2025-12-05 15:31:17 INFO  c.d.f.service.OperationsService - Cálculo finalizado. Comisión total: 710.61550
2025-12-05 15:31:17 INFO  c.d.f.service.OperationsService - Monto total a financiar: 28551.381760128188
2025-12-05 15:31:17 INFO  c.d.f.service.OperationsService - Monto total: 28424.62
2025-12-05 15:31:17 INFO  c.d.f.c.OperationsController - Calculation successful for 2 items
2025-12-05 15:31:18 INFO  c.d.f.c.OperationsController - POST /api/operations/calculate - Received 1 calculation items
2025-12-05 15:31:18 INFO  c.d.f.service.OperationsService - Iniciando cálculo para 1 item(s).
2025-12-05 15:31:18 INFO  c.d.f.service.OperationsService - Parámetros para esta transacción -> Interés=0.105, Comisión=0.025, Base=365, Days={}
2025-12-05 15:31:18 INFO  c.d.f.service.OperationsService - Cálculo finalizado. Total a desembolsar: 11557.0576403376
2025-12-05 15:31:18 INFO  c.d.f.service.OperationsService - Cálculo finalizado. Comisión total: 295.550
2025-12-05 15:31:18 INFO  c.d.f.service.OperationsService - Monto total a financiar: 11852.6870900886
2025-12-05 15:31:18 INFO  c.d.f.service.OperationsService - Monto total: 11822
2025-12-05 15:31:18 INFO  c.d.f.c.OperationsController - Calculation successful for 1 items
2025-12-05 15:31:25 INFO  c.d.f.c.OperationsController - POST /api/operations/calculate - Received 1 calculation items
2025-12-05 15:31:25 INFO  c.d.f.service.OperationsService - Iniciando cálculo para 1 item(s).
2025-12-05 15:31:25 INFO  c.d.f.service.OperationsService - Parámetros para esta transacción -> Interés=0.105, Comisión=0.025, Base=365, Days={}
2025-12-05 15:31:25 INFO  c.d.f.service.OperationsService - Cálculo finalizado. Total a desembolsar: 11557.0576403376
2025-12-05 15:31:25 INFO  c.d.f.service.OperationsService - Cálculo finalizado. Comisión total: 295.550
2025-12-05 15:31:25 INFO  c.d.f.service.OperationsService - Monto total a financiar: 11852.6870900886
2025-12-05 15:31:25 INFO  c.d.f.service.OperationsService - Monto total: 11822
2025-12-05 15:31:25 INFO  c.d.f.c.OperationsController - Calculation successful for 1 items
2025-12-05 15:31:46 INFO  c.d.f.controller.AgreementController - POST /api/agreement/updateDocuments/f33e8894-79d1-4dc2-aac8-1c24716f0c03/SELECTED - update documents: UpdateDocumentsRequestDTO(documentIds=[4c4dd00c-bfc3-4481-87ce-7795e4752413], toFinanceAmount=null, comission=null)
2025-12-05 15:31:46 INFO  c.d.f.controller.AgreementController - Documents updated for agreement f33e8894-79d1-4dc2-aac8-1c24716f0c03 with status SELECTED
2025-12-05 15:31:46 INFO  c.d.f.controller.AgreementController - GET /api/agreement/byId/f33e8894-79d1-4dc2-aac8-1c24716f0c03 - fetch agreement by id
2025-12-05 15:31:46 INFO  c.d.f.controller.AgreementController - Agreement f33e8894-79d1-4dc2-aac8-1c24716f0c03 found
2025-12-05 15:31:46 INFO  c.d.f.c.OperationsController - POST /api/operations/calculate - Received 2 calculation items
2025-12-05 15:31:46 INFO  c.d.f.service.OperationsService - Iniciando cálculo para 2 item(s).
2025-12-05 15:31:46 INFO  c.d.f.service.OperationsService - Parámetros para esta transacción -> Interés=0.105, Comisión=0.025, Base=365, Days={}
2025-12-05 15:31:46 INFO  c.d.f.service.OperationsService - Cálculo finalizado. Total a desembolsar: 18044.192912815656
2025-12-05 15:31:46 INFO  c.d.f.service.OperationsService - Cálculo finalizado. Comisión total: 460.07625
2025-12-05 15:31:46 INFO  c.d.f.service.OperationsService - Monto total a financiar: 18504.840005983757
2025-12-05 15:31:46 INFO  c.d.f.service.OperationsService - Monto total: 18403.05
2025-12-05 15:31:46 INFO  c.d.f.c.OperationsController - Calculation successful for 2 items
2025-12-05 15:32:39 INFO  c.d.f.controller.EntityController - GET /api/entities/06590e1a-78f0-4f63-9ef7-5ded8127a0e8 - get entity by id
2025-12-05 15:32:39 INFO  c.d.f.c.OperationsController - POST /api/operations/calculate - Received 2 calculation items
2025-12-05 15:32:39 INFO  c.d.f.service.OperationsService - Iniciando cálculo para 2 item(s).
2025-12-05 15:32:39 INFO  c.d.f.controller.EntityController - Entity found for id=06590e1a-78f0-4f63-9ef7-5ded8127a0e8
2025-12-05 15:32:39 INFO  c.d.f.service.OperationsService - Parámetros para esta transacción -> Interés=0.105, Comisión=0.025, Base=365, Days={}
2025-12-05 15:32:39 INFO  c.d.f.service.OperationsService - Cálculo finalizado. Total a desembolsar: 18044.192912815656
2025-12-05 15:32:39 INFO  c.d.f.service.OperationsService - Cálculo finalizado. Comisión total: 460.07625
2025-12-05 15:32:39 INFO  c.d.f.service.OperationsService - Monto total a financiar: 18504.840005983757
2025-12-05 15:32:39 INFO  c.d.f.service.OperationsService - Monto total: 18403.05
2025-12-05 15:32:39 INFO  c.d.f.c.OperationsController - Calculation successful for 2 items
2025-12-05 15:32:49 INFO  c.d.f.controller.EntityController - GET /api/entities/06590e1a-78f0-4f63-9ef7-5ded8127a0e8 - get entity by id
2025-12-05 15:32:49 INFO  c.d.f.controller.EntityController - Entity found for id=06590e1a-78f0-4f63-9ef7-5ded8127a0e8
2025-12-05 15:32:49 INFO  c.d.f.c.OperationsController - POST /api/operations/calculate - Received 2 calculation items
2025-12-05 15:32:49 INFO  c.d.f.service.OperationsService - Iniciando cálculo para 2 item(s).
2025-12-05 15:32:49 INFO  c.d.f.service.OperationsService - Parámetros para esta transacción -> Interés=0.105, Comisión=0.025, Base=365, Days={}
2025-12-05 15:32:49 INFO  c.d.f.service.OperationsService - Cálculo finalizado. Total a desembolsar: 18044.192912815656
2025-12-05 15:32:49 INFO  c.d.f.service.OperationsService - Cálculo finalizado. Comisión total: 460.07625
2025-12-05 15:32:49 INFO  c.d.f.service.OperationsService - Monto total a financiar: 18504.840005983757
2025-12-05 15:32:49 INFO  c.d.f.service.OperationsService - Monto total: 18403.05
2025-12-05 15:32:49 INFO  c.d.f.c.OperationsController - Calculation successful for 2 items
2025-12-05 15:33:18 INFO  c.d.f.controller.EntityController - GET /api/entities/06590e1a-78f0-4f63-9ef7-5ded8127a0e8 - get entity by id
2025-12-05 15:33:18 INFO  c.d.f.c.OperationsController - POST /api/operations/calculate - Received 2 calculation items
2025-12-05 15:33:18 INFO  c.d.f.controller.EntityController - Entity found for id=06590e1a-78f0-4f63-9ef7-5ded8127a0e8
2025-12-05 15:33:18 INFO  c.d.f.service.OperationsService - Iniciando cálculo para 2 item(s).
2025-12-05 15:33:18 INFO  c.d.f.service.OperationsService - Parámetros para esta transacción -> Interés=0.105, Comisión=0.025, Base=365, Days={}
2025-12-05 15:33:18 INFO  c.d.f.service.OperationsService - Cálculo finalizado. Total a desembolsar: 18044.192912815656
2025-12-05 15:33:18 INFO  c.d.f.service.OperationsService - Cálculo finalizado. Comisión total: 460.07625
2025-12-05 15:33:18 INFO  c.d.f.service.OperationsService - Monto total a financiar: 18504.840005983757
2025-12-05 15:33:18 INFO  c.d.f.service.OperationsService - Monto total: 18403.05
2025-12-05 15:33:18 INFO  c.d.f.c.OperationsController - Calculation successful for 2 items
2025-12-05 15:33:19 INFO  c.d.f.controller.EntityController - GET /api/entities/06590e1a-78f0-4f63-9ef7-5ded8127a0e8 - get entity by id
2025-12-05 15:33:19 INFO  c.d.f.controller.EntityController - Entity found for id=06590e1a-78f0-4f63-9ef7-5ded8127a0e8
2025-12-05 15:33:19 INFO  c.d.f.c.OperationsController - POST /api/operations/calculate - Received 2 calculation items
2025-12-05 15:33:19 INFO  c.d.f.service.OperationsService - Iniciando cálculo para 2 item(s).
2025-12-05 15:33:19 INFO  c.d.f.service.OperationsService - Parámetros para esta transacción -> Interés=0.105, Comisión=0.025, Base=365, Days={}
2025-12-05 15:33:19 INFO  c.d.f.service.OperationsService - Cálculo finalizado. Total a desembolsar: 18044.192912815656
2025-12-05 15:33:19 INFO  c.d.f.service.OperationsService - Cálculo finalizado. Comisión total: 460.07625
2025-12-05 15:33:19 INFO  c.d.f.service.OperationsService - Monto total a financiar: 18504.840005983757
2025-12-05 15:33:19 INFO  c.d.f.service.OperationsService - Monto total: 18403.05
2025-12-05 15:33:20 INFO  c.d.f.c.OperationsController - Calculation successful for 2 items
2025-12-05 15:33:22 INFO  c.d.f.controller.EntityController - GET /api/entities/06590e1a-78f0-4f63-9ef7-5ded8127a0e8 - get entity by id
2025-12-05 15:33:22 INFO  c.d.f.controller.EntityController - Entity found for id=06590e1a-78f0-4f63-9ef7-5ded8127a0e8
2025-12-05 15:33:22 INFO  c.d.f.c.OperationsController - POST /api/operations/calculate - Received 2 calculation items
2025-12-05 15:33:22 INFO  c.d.f.service.OperationsService - Iniciando cálculo para 2 item(s).
2025-12-05 15:33:22 INFO  c.d.f.service.OperationsService - Parámetros para esta transacción -> Interés=0.105, Comisión=0.025, Base=365, Days={}
2025-12-05 15:33:22 INFO  c.d.f.service.OperationsService - Cálculo finalizado. Total a desembolsar: 18044.192912815656
2025-12-05 15:33:22 INFO  c.d.f.service.OperationsService - Cálculo finalizado. Comisión total: 460.07625
2025-12-05 15:33:22 INFO  c.d.f.service.OperationsService - Monto total a financiar: 18504.840005983757
2025-12-05 15:33:22 INFO  c.d.f.service.OperationsService - Monto total: 18403.05
2025-12-05 15:33:22 INFO  c.d.f.c.OperationsController - Calculation successful for 2 items
2025-12-05 15:33:23 INFO  c.d.f.controller.EntityController - GET /api/entities/06590e1a-78f0-4f63-9ef7-5ded8127a0e8 - get entity by id
2025-12-05 15:33:23 INFO  c.d.f.c.OperationsController - POST /api/operations/calculate - Received 2 calculation items
2025-12-05 15:33:23 INFO  c.d.f.service.OperationsService - Iniciando cálculo para 2 item(s).
2025-12-05 15:33:23 INFO  c.d.f.service.OperationsService - Parámetros para esta transacción -> Interés=0.105, Comisión=0.025, Base=365, Days={}
2025-12-05 15:33:23 INFO  c.d.f.controller.EntityController - Entity found for id=06590e1a-78f0-4f63-9ef7-5ded8127a0e8
2025-12-05 15:33:23 INFO  c.d.f.service.OperationsService - Cálculo finalizado. Total a desembolsar: 18044.192912815656
2025-12-05 15:33:23 INFO  c.d.f.service.OperationsService - Cálculo finalizado. Comisión total: 460.07625
2025-12-05 15:33:23 INFO  c.d.f.service.OperationsService - Monto total a financiar: 18504.840005983757
2025-12-05 15:33:23 INFO  c.d.f.service.OperationsService - Monto total: 18403.05
2025-12-05 15:33:23 INFO  c.d.f.c.OperationsController - Calculation successful for 2 items
2025-12-05 15:33:24 INFO  c.d.f.controller.EntityController - GET /api/entities/06590e1a-78f0-4f63-9ef7-5ded8127a0e8 - get entity by id
2025-12-05 15:33:24 INFO  c.d.f.c.OperationsController - POST /api/operations/calculate - Received 2 calculation items
2025-12-05 15:33:24 INFO  c.d.f.service.OperationsService - Iniciando cálculo para 2 item(s).
2025-12-05 15:33:24 INFO  c.d.f.service.OperationsService - Parámetros para esta transacción -> Interés=0.105, Comisión=0.025, Base=365, Days={}
2025-12-05 15:33:24 INFO  c.d.f.controller.EntityController - Entity found for id=06590e1a-78f0-4f63-9ef7-5ded8127a0e8
2025-12-05 15:33:24 INFO  c.d.f.service.OperationsService - Cálculo finalizado. Total a desembolsar: 18044.192912815656
2025-12-05 15:33:24 INFO  c.d.f.service.OperationsService - Cálculo finalizado. Comisión total: 460.07625
2025-12-05 15:33:24 INFO  c.d.f.service.OperationsService - Monto total a financiar: 18504.840005983757
2025-12-05 15:33:24 INFO  c.d.f.service.OperationsService - Monto total: 18403.05
2025-12-05 15:33:24 INFO  c.d.f.c.OperationsController - Calculation successful for 2 items
2025-12-05 15:33:32 INFO  c.d.f.controller.EntityController - GET /api/entities/06590e1a-78f0-4f63-9ef7-5ded8127a0e8 - get entity by id
2025-12-05 15:33:32 INFO  c.d.f.controller.EntityController - Entity found for id=06590e1a-78f0-4f63-9ef7-5ded8127a0e8
2025-12-05 15:33:32 INFO  c.d.f.c.OperationsController - POST /api/operations/calculate - Received 2 calculation items
2025-12-05 15:33:32 INFO  c.d.f.service.OperationsService - Iniciando cálculo para 2 item(s).
2025-12-05 15:33:32 INFO  c.d.f.service.OperationsService - Parámetros para esta transacción -> Interés=0.105, Comisión=0.025, Base=365, Days={}
2025-12-05 15:33:32 INFO  c.d.f.service.OperationsService - Cálculo finalizado. Total a desembolsar: 18044.192912815656
2025-12-05 15:33:32 INFO  c.d.f.service.OperationsService - Cálculo finalizado. Comisión total: 460.07625
2025-12-05 15:33:32 INFO  c.d.f.service.OperationsService - Monto total a financiar: 18504.840005983757
2025-12-05 15:33:32 INFO  c.d.f.service.OperationsService - Monto total: 18403.05
2025-12-05 15:33:32 INFO  c.d.f.c.OperationsController - Calculation successful for 2 items
2025-12-05 15:35:38 INFO  c.d.f.controller.EntityController - GET /api/entities/06590e1a-78f0-4f63-9ef7-5ded8127a0e8 - get entity by id
2025-12-05 15:35:38 INFO  c.d.f.controller.EntityController - Entity found for id=06590e1a-78f0-4f63-9ef7-5ded8127a0e8
2025-12-05 15:35:39 INFO  c.d.f.c.OperationsController - POST /api/operations/calculate - Received 2 calculation items
2025-12-05 15:35:39 INFO  c.d.f.service.OperationsService - Iniciando cálculo para 2 item(s).
2025-12-05 15:35:39 INFO  c.d.f.service.OperationsService - Parámetros para esta transacción -> Interés=0.105, Comisión=0.025, Base=365, Days={}
2025-12-05 15:35:39 INFO  c.d.f.service.OperationsService - Cálculo finalizado. Total a desembolsar: 18044.192912815656
2025-12-05 15:35:39 INFO  c.d.f.service.OperationsService - Cálculo finalizado. Comisión total: 460.07625
2025-12-05 15:35:39 INFO  c.d.f.service.OperationsService - Monto total a financiar: 18504.840005983757
2025-12-05 15:35:39 INFO  c.d.f.service.OperationsService - Monto total: 18403.05
2025-12-05 15:35:39 INFO  c.d.f.c.OperationsController - Calculation successful for 2 items
2025-12-05 15:35:40 INFO  c.d.f.controller.EntityController - GET /api/entities/06590e1a-78f0-4f63-9ef7-5ded8127a0e8 - get entity by id
2025-12-05 15:35:40 INFO  c.d.f.c.OperationsController - POST /api/operations/calculate - Received 2 calculation items
2025-12-05 15:35:40 INFO  c.d.f.service.OperationsService - Iniciando cálculo para 2 item(s).
2025-12-05 15:35:40 INFO  c.d.f.controller.EntityController - Entity found for id=06590e1a-78f0-4f63-9ef7-5ded8127a0e8
2025-12-05 15:35:40 INFO  c.d.f.service.OperationsService - Parámetros para esta transacción -> Interés=0.105, Comisión=0.025, Base=365, Days={}
2025-12-05 15:35:40 INFO  c.d.f.service.OperationsService - Cálculo finalizado. Total a desembolsar: 18044.192912815656
2025-12-05 15:35:40 INFO  c.d.f.service.OperationsService - Cálculo finalizado. Comisión total: 460.07625
2025-12-05 15:35:40 INFO  c.d.f.service.OperationsService - Monto total a financiar: 18504.840005983757
2025-12-05 15:35:40 INFO  c.d.f.service.OperationsService - Monto total: 18403.05
2025-12-05 15:35:40 INFO  c.d.f.c.OperationsController - Calculation successful for 2 items
2025-12-05 15:35:42 INFO  c.d.f.controller.EntityController - GET /api/entities/06590e1a-78f0-4f63-9ef7-5ded8127a0e8 - get entity by id
2025-12-05 15:35:42 INFO  c.d.f.c.OperationsController - POST /api/operations/calculate - Received 2 calculation items
2025-12-05 15:35:42 INFO  c.d.f.service.OperationsService - Iniciando cálculo para 2 item(s).
2025-12-05 15:35:42 INFO  c.d.f.service.OperationsService - Parámetros para esta transacción -> Interés=0.105, Comisión=0.025, Base=365, Days={}
2025-12-05 15:35:42 INFO  c.d.f.controller.EntityController - Entity found for id=06590e1a-78f0-4f63-9ef7-5ded8127a0e8
2025-12-05 15:35:42 INFO  c.d.f.service.OperationsService - Cálculo finalizado. Total a desembolsar: 18044.192912815656
2025-12-05 15:35:42 INFO  c.d.f.service.OperationsService - Cálculo finalizado. Comisión total: 460.07625
2025-12-05 15:35:42 INFO  c.d.f.service.OperationsService - Monto total a financiar: 18504.840005983757
2025-12-05 15:35:42 INFO  c.d.f.service.OperationsService - Monto total: 18403.05
2025-12-05 15:35:42 INFO  c.d.f.c.OperationsController - Calculation successful for 2 items
2025-12-05 15:35:44 INFO  c.d.f.controller.EntityController - GET /api/entities/06590e1a-78f0-4f63-9ef7-5ded8127a0e8 - get entity by id
2025-12-05 15:35:44 INFO  c.d.f.c.OperationsController - POST /api/operations/calculate - Received 2 calculation items
2025-12-05 15:35:44 INFO  c.d.f.controller.EntityController - Entity found for id=06590e1a-78f0-4f63-9ef7-5ded8127a0e8
2025-12-05 15:35:44 INFO  c.d.f.service.OperationsService - Iniciando cálculo para 2 item(s).
2025-12-05 15:35:44 INFO  c.d.f.service.OperationsService - Parámetros para esta transacción -> Interés=0.105, Comisión=0.025, Base=365, Days={}
2025-12-05 15:35:44 INFO  c.d.f.service.OperationsService - Cálculo finalizado. Total a desembolsar: 18044.192912815656
2025-12-05 15:35:44 INFO  c.d.f.service.OperationsService - Cálculo finalizado. Comisión total: 460.07625
2025-12-05 15:35:44 INFO  c.d.f.service.OperationsService - Monto total a financiar: 18504.840005983757
2025-12-05 15:35:44 INFO  c.d.f.service.OperationsService - Monto total: 18403.05
2025-12-05 15:35:44 INFO  c.d.f.c.OperationsController - Calculation successful for 2 items
2025-12-05 15:35:53 INFO  c.d.f.controller.EntityController - GET /api/entities/06590e1a-78f0-4f63-9ef7-5ded8127a0e8 - get entity by id
2025-12-05 15:35:53 INFO  c.d.f.controller.EntityController - Entity found for id=06590e1a-78f0-4f63-9ef7-5ded8127a0e8
2025-12-05 15:35:53 INFO  c.d.f.c.OperationsController - POST /api/operations/calculate - Received 2 calculation items
2025-12-05 15:35:53 INFO  c.d.f.service.OperationsService - Iniciando cálculo para 2 item(s).
2025-12-05 15:35:53 INFO  c.d.f.service.OperationsService - Parámetros para esta transacción -> Interés=0.105, Comisión=0.025, Base=365, Days={}
2025-12-05 15:35:53 INFO  c.d.f.service.OperationsService - Cálculo finalizado. Total a desembolsar: 18044.192912815656
2025-12-05 15:35:53 INFO  c.d.f.service.OperationsService - Cálculo finalizado. Comisión total: 460.07625
2025-12-05 15:35:53 INFO  c.d.f.service.OperationsService - Monto total a financiar: 18504.840005983757
2025-12-05 15:35:53 INFO  c.d.f.service.OperationsService - Monto total: 18403.05
2025-12-05 15:35:53 INFO  c.d.f.c.OperationsController - Calculation successful for 2 items
2025-12-05 15:35:59 INFO  c.d.f.controller.EntityController - GET /api/entities/06590e1a-78f0-4f63-9ef7-5ded8127a0e8 - get entity by id
2025-12-05 15:35:59 INFO  c.d.f.c.OperationsController - POST /api/operations/calculate - Received 2 calculation items
2025-12-05 15:35:59 INFO  c.d.f.service.OperationsService - Iniciando cálculo para 2 item(s).
2025-12-05 15:35:59 INFO  c.d.f.controller.EntityController - Entity found for id=06590e1a-78f0-4f63-9ef7-5ded8127a0e8
2025-12-05 15:35:59 INFO  c.d.f.service.OperationsService - Parámetros para esta transacción -> Interés=0.105, Comisión=0.025, Base=365, Days={}
2025-12-05 15:35:59 INFO  c.d.f.service.OperationsService - Cálculo finalizado. Total a desembolsar: 18044.192912815656
2025-12-05 15:35:59 INFO  c.d.f.service.OperationsService - Cálculo finalizado. Comisión total: 460.07625
2025-12-05 15:35:59 INFO  c.d.f.service.OperationsService - Monto total a financiar: 18504.840005983757
2025-12-05 15:35:59 INFO  c.d.f.service.OperationsService - Monto total: 18403.05
2025-12-05 15:35:59 INFO  c.d.f.c.OperationsController - Calculation successful for 2 items
2025-12-05 15:36:10 INFO  c.d.f.controller.EntityController - GET /api/entities/06590e1a-78f0-4f63-9ef7-5ded8127a0e8 - get entity by id
2025-12-05 15:36:10 INFO  c.d.f.c.OperationsController - POST /api/operations/calculate - Received 2 calculation items
2025-12-05 15:36:10 INFO  c.d.f.service.OperationsService - Iniciando cálculo para 2 item(s).
2025-12-05 15:36:10 INFO  c.d.f.controller.EntityController - Entity found for id=06590e1a-78f0-4f63-9ef7-5ded8127a0e8
2025-12-05 15:36:10 INFO  c.d.f.service.OperationsService - Parámetros para esta transacción -> Interés=0.105, Comisión=0.025, Base=365, Days={}
2025-12-05 15:36:10 INFO  c.d.f.service.OperationsService - Cálculo finalizado. Total a desembolsar: 18044.192912815656
2025-12-05 15:36:10 INFO  c.d.f.service.OperationsService - Cálculo finalizado. Comisión total: 460.07625
2025-12-05 15:36:10 INFO  c.d.f.service.OperationsService - Monto total a financiar: 18504.840005983757
2025-12-05 15:36:10 INFO  c.d.f.service.OperationsService - Monto total: 18403.05
2025-12-05 15:36:10 INFO  c.d.f.c.OperationsController - Calculation successful for 2 items
2025-12-05 15:36:14 INFO  c.d.f.controller.EntityController - GET /api/entities/06590e1a-78f0-4f63-9ef7-5ded8127a0e8 - get entity by id
2025-12-05 15:36:14 INFO  c.d.f.controller.EntityController - Entity found for id=06590e1a-78f0-4f63-9ef7-5ded8127a0e8
2025-12-05 15:36:14 INFO  c.d.f.c.OperationsController - POST /api/operations/calculate - Received 2 calculation items
2025-12-05 15:36:14 INFO  c.d.f.service.OperationsService - Iniciando cálculo para 2 item(s).
2025-12-05 15:36:14 INFO  c.d.f.service.OperationsService - Parámetros para esta transacción -> Interés=0.105, Comisión=0.025, Base=365, Days={}
2025-12-05 15:36:14 INFO  c.d.f.service.OperationsService - Cálculo finalizado. Total a desembolsar: 18044.192912815656
2025-12-05 15:36:14 INFO  c.d.f.service.OperationsService - Cálculo finalizado. Comisión total: 460.07625
2025-12-05 15:36:14 INFO  c.d.f.service.OperationsService - Monto total a financiar: 18504.840005983757
2025-12-05 15:36:14 INFO  c.d.f.service.OperationsService - Monto total: 18403.05
2025-12-05 15:36:14 INFO  c.d.f.c.OperationsController - Calculation successful for 2 items
2025-12-05 15:36:28 INFO  c.d.f.controller.AuthController - POST /api/auth/logout - logout attempt
2025-12-05 15:36:28 INFO  c.d.f.controller.AuthController - Logout successful
2025-12-05 15:36:46 INFO  c.d.f.controller.UserController - GET /api/users/user - fetch logged user data
2025-12-05 15:36:46 INFO  c.d.f.controller.AgreementController - GET /api/agreement/bySupplier/06590e1a-78f0-4f63-9ef7-5ded8127a0e8 - fetch agreements by supplier
2025-12-05 15:36:46 INFO  c.d.f.controller.AgreementController - Found 1 agreements for supplier 06590e1a-78f0-4f63-9ef7-5ded8127a0e8
2025-12-05 15:36:49 INFO  c.d.f.controller.EntityController - GET /api/entities/06590e1a-78f0-4f63-9ef7-5ded8127a0e8 - get entity by id
2025-12-05 15:36:49 INFO  c.d.f.controller.EntityController - Entity found for id=06590e1a-78f0-4f63-9ef7-5ded8127a0e8
2025-12-05 15:36:49 INFO  c.d.f.c.OperationsController - POST /api/operations/calculate - Received 2 calculation items
2025-12-05 15:36:49 INFO  c.d.f.service.OperationsService - Iniciando cálculo para 2 item(s).
2025-12-05 15:36:49 INFO  c.d.f.service.OperationsService - Parámetros para esta transacción -> Interés=0.105, Comisión=0.025, Base=365, Days={}
2025-12-05 15:36:49 INFO  c.d.f.service.OperationsService - Cálculo finalizado. Total a desembolsar: 18044.192912815656
2025-12-05 15:36:49 INFO  c.d.f.service.OperationsService - Cálculo finalizado. Comisión total: 460.07625
2025-12-05 15:36:49 INFO  c.d.f.service.OperationsService - Monto total a financiar: 18504.840005983757
2025-12-05 15:36:49 INFO  c.d.f.service.OperationsService - Monto total: 18403.05
2025-12-05 15:36:49 INFO  c.d.f.c.OperationsController - Calculation successful for 2 items
2025-12-05 15:38:25 INFO  c.d.f.c.OperationsController - POST /api/operations/calculate - Received 2 calculation items
2025-12-05 15:38:25 INFO  c.d.f.service.OperationsService - Iniciando cálculo para 2 item(s).
2025-12-05 15:38:25 INFO  c.d.f.service.OperationsService - Parámetros para esta transacción -> Interés=0.105, Comisión=0.025, Base=365, Days={}
2025-12-05 15:38:25 INFO  c.d.f.service.OperationsService - Cálculo finalizado. Total a desembolsar: 18044.192912815656
2025-12-05 15:38:25 INFO  c.d.f.service.OperationsService - Cálculo finalizado. Comisión total: 460.07625
2025-12-05 15:38:25 INFO  c.d.f.service.OperationsService - Monto total a financiar: 18504.840005983757
2025-12-05 15:38:25 INFO  c.d.f.service.OperationsService - Monto total: 18403.05
2025-12-05 15:38:25 INFO  c.d.f.c.OperationsController - Calculation successful for 2 items
