2026-03-12 08:50:39 WARN  com.zaxxer.hikari.pool.HikariPool - HikariPool-1 - Thread starvation or clock leap detected (housekeeper delta=15h12m31s938ms391盜700ns).
2026-03-12 08:57:50 WARN  c.d.f.service.OperationsService - El token JWT ha expirado: JWT expired at 2026-03-11T23:35:10Z. Current time: 2026-03-12T14:57:50Z, a difference of 55360817 milliseconds.  Allowed clock skew: 0 milliseconds.
2026-05-12 15:40:04 INFO  c.d.factoraje.FactorajeApplication - Starting FactorajeApplication using Java 21.0.10 with PID 22104 (C:\Users\91737\Documents\WORKSPACE\SOFTWARE DEVELOPMENT\FinCxP\v3\v3\CXP_DAV_SERVER\CXP_DAV_SERVER\target\classes started by 91737 in C:\Users\91737\Documents\WORKSPACE\SOFTWARE DEVELOPMENT\FinCxP\v3\v3\CXP_DAV_SERVER\CXP_DAV_SERVER)
2026-05-12 15:40:04 INFO  c.d.factoraje.FactorajeApplication - No active profile set, falling back to 1 default profile: "default"
2026-05-12 15:40:04 INFO  o.s.b.d.e.DevToolsPropertyDefaultsPostProcessor - Devtools property defaults active! Set 'spring.devtools.add-properties' to 'false' to disable
2026-05-12 15:40:04 INFO  o.s.b.d.e.DevToolsPropertyDefaultsPostProcessor - For additional web related logging consider setting the 'logging.level.web' property to 'DEBUG'
2026-05-12 15:40:08 INFO  o.s.d.r.c.RepositoryConfigurationDelegate - Bootstrapping Spring Data JPA repositories in DEFAULT mode.
2026-05-12 15:40:08 INFO  o.s.d.r.c.RepositoryConfigurationDelegate - Finished Spring Data repository scanning in 367 ms. Found 13 JPA repository interfaces.
2026-05-12 15:40:11 INFO  o.s.b.w.e.tomcat.TomcatWebServer - Tomcat initialized with port 8080 (http)
2026-05-12 15:40:11 INFO  o.a.catalina.core.StandardService - Starting service [Tomcat]
2026-05-12 15:40:11 INFO  o.a.catalina.core.StandardEngine - Starting Servlet engine: [Apache Tomcat/10.1.24]
2026-05-12 15:40:11 INFO  o.a.c.c.C.[Tomcat].[localhost].[/] - Initializing Spring embedded WebApplicationContext
2026-05-12 15:40:11 INFO  o.s.b.w.s.c.ServletWebServerApplicationContext - Root WebApplicationContext: initialization completed in 6709 ms
2026-05-12 15:40:12 INFO  com.zaxxer.hikari.HikariDataSource - HikariPool-1 - Starting...
2026-05-12 15:40:12 INFO  com.zaxxer.hikari.pool.HikariPool - HikariPool-1 - Added connection org.postgresql.jdbc.PgConnection@692083d0
2026-05-12 15:40:12 INFO  com.zaxxer.hikari.HikariDataSource - HikariPool-1 - Start completed.
2026-05-12 15:40:12 INFO  o.h.jpa.internal.util.LogHelper - HHH000204: Processing PersistenceUnitInfo [name: default]
2026-05-12 15:40:13 INFO  org.hibernate.Version - HHH000412: Hibernate ORM core version 6.5.2.Final
2026-05-12 15:40:13 INFO  o.h.c.i.RegionFactoryInitiator - HHH000026: Second-level cache disabled
2026-05-12 15:40:14 INFO  o.s.o.j.p.SpringPersistenceUnitInfo - No LoadTimeWeaver setup: ignoring JPA class transformer
2026-05-12 15:40:14 WARN  org.hibernate.orm.deprecation - HHH90000025: PostgreSQLDialect does not need to be specified explicitly using 'hibernate.dialect' (remove the property setting and it will be selected by default)
2026-05-12 15:40:16 INFO  o.h.m.i.EntityInstantiatorPojoStandard - HHH000182: No default (no-argument) constructor for class: com.davivienda.factoraje.domain.model.LogDocumentModel (class must be instantiated by Interceptor)
2026-05-12 15:40:17 INFO  o.h.e.t.j.p.i.JtaPlatformInitiator - HHH000489: No JTA platform available (set 'hibernate.transaction.jta.platform' to enable JTA platform integration)
2026-05-12 15:40:17 INFO  o.s.o.j.LocalContainerEntityManagerFactoryBean - Initialized JPA EntityManagerFactory for persistence unit 'default'
2026-05-12 15:40:18 INFO  c.d.f.service.OperationsService - Clave secreta para JWT cargada correctamente.
2026-05-12 15:40:18 INFO  c.d.f.service.OperationsService - Tiempo de expiraci籀n para JWT cargado: 900000 ms.
2026-05-12 15:40:18 INFO  c.d.factoraje.service.RoleService - RoleService initialized
2026-05-12 15:40:18 INFO  c.d.factoraje.service.UserService - UserService initialized
2026-05-12 15:40:18 INFO  c.d.f.controller.RoleController - AcceptanceAuditService initialized
2026-05-12 15:40:18 INFO  c.d.f.controller.RoleController - AcceptanceAuditController initialized
2026-05-12 15:40:19 INFO  c.d.factoraje.service.EntityService - EntityService initialized
2026-05-12 15:40:19 INFO  c.d.f.service.DocumentService - DocumentService initialized
2026-05-12 15:40:19 INFO  c.d.f.service.AgreementService - AgreementService initialized
2026-05-12 15:40:19 INFO  c.d.f.controller.AgreementController - AgreementController initialized
2026-05-12 15:40:19 INFO  c.d.f.controller.AuthController - AuthController initialized
2026-05-12 15:40:19 INFO  c.d.f.controller.EntityController - EntityController initialized
2026-05-12 15:40:19 INFO  c.d.f.service.OperationsService - OperationsService inicializado y listo para usar el servicio de par獺metros en cach矇.
2026-05-12 15:40:19 INFO  c.d.f.c.OperationsController - OperationsController initialized
2026-05-12 15:40:19 INFO  c.d.f.controller.AuthController - ParameterController initialized
2026-05-12 15:40:19 INFO  c.d.f.service.PermissionService - PermissionService initialized
2026-05-12 15:40:19 INFO  c.d.f.c.PermissionController - PermissionController initialized
2026-05-12 15:40:19 INFO  c.d.f.c.ProcessFileController - ProcessFileController initialized
2026-05-12 15:40:19 INFO  c.d.f.controller.RoleController - RoleController initialized
2026-05-12 15:40:19 INFO  o.s.d.j.r.query.QueryEnhancerFactory - Hibernate is in classpath; If applicable, HQL parser will be used.
2026-05-12 15:40:20 INFO  c.d.f.controller.AgreementController - Sso Service initialized
2026-05-12 15:40:20 INFO  c.d.f.controller.SsoController - SsoController initialized
2026-05-12 15:40:20 INFO  c.d.f.controller.RoleController - TermTypeController initialized
2026-05-12 15:40:20 INFO  c.d.f.controller.RoleController - TermVersionController initialized
2026-05-12 15:40:20 INFO  c.d.f.controller.UserController - UserController initialized
2026-05-12 15:40:20 WARN  o.s.b.a.o.j.JpaBaseConfiguration$JpaWebConfiguration - spring.jpa.open-in-view is enabled by default. Therefore, database queries may be performed during view rendering. Explicitly configure spring.jpa.open-in-view to disable this warning
2026-05-12 15:40:22 INFO  o.s.b.d.a.OptionalLiveReloadServer - LiveReload server is running on port 35729
2026-05-12 15:40:22 INFO  o.s.b.w.e.tomcat.TomcatWebServer - Tomcat started on port 8080 (http) with context path '/'
2026-05-12 15:40:22 INFO  c.d.factoraje.FactorajeApplication - Started FactorajeApplication in 18.73 seconds (process running for 20.146)
2026-05-12 15:42:21 INFO  o.a.c.c.C.[Tomcat].[localhost].[/] - Initializing Spring DispatcherServlet 'dispatcherServlet'
2026-05-12 15:42:21 INFO  o.s.web.servlet.DispatcherServlet - Initializing Servlet 'dispatcherServlet'
2026-05-12 15:42:21 INFO  o.s.web.servlet.DispatcherServlet - Completed initialization in 3 ms
2026-05-12 15:44:18 INFO  o.s.b.d.a.LocalDevToolsAutoConfiguration$RestartingClassPathChangeChangedEventListener - Restarting due to 1 class path change (0 additions, 0 deletions, 1 modification)
2026-05-12 15:44:18 INFO  o.s.o.j.LocalContainerEntityManagerFactoryBean - Closing JPA EntityManagerFactory for persistence unit 'default'
2026-05-12 15:44:18 INFO  com.zaxxer.hikari.HikariDataSource - HikariPool-1 - Shutdown initiated...
2026-05-12 15:44:18 INFO  com.zaxxer.hikari.HikariDataSource - HikariPool-1 - Shutdown completed.
2026-05-12 15:56:50 INFO  c.d.factoraje.FactorajeApplication - Starting FactorajeApplication using Java 21.0.10 with PID 16812 (C:\Users\91737\Documents\WORKSPACE\SOFTWARE DEVELOPMENT\FinCxP\v3\v3\CXP_DAV_SERVER\CXP_DAV_SERVER\target\classes started by 91737 in C:\Users\91737\Documents\WORKSPACE\SOFTWARE DEVELOPMENT\FinCxP\v3\v3\CXP_DAV_SERVER\CXP_DAV_SERVER)
2026-05-12 15:56:50 INFO  c.d.factoraje.FactorajeApplication - No active profile set, falling back to 1 default profile: "default"
2026-05-12 15:56:50 INFO  o.s.b.d.e.DevToolsPropertyDefaultsPostProcessor - Devtools property defaults active! Set 'spring.devtools.add-properties' to 'false' to disable
2026-05-12 15:56:50 INFO  o.s.b.d.e.DevToolsPropertyDefaultsPostProcessor - For additional web related logging consider setting the 'logging.level.web' property to 'DEBUG'
2026-05-12 15:56:53 INFO  o.s.d.r.c.RepositoryConfigurationDelegate - Bootstrapping Spring Data JPA repositories in DEFAULT mode.
2026-05-12 15:56:53 INFO  o.s.d.r.c.RepositoryConfigurationDelegate - Finished Spring Data repository scanning in 275 ms. Found 13 JPA repository interfaces.
2026-05-12 15:56:55 INFO  o.s.b.w.e.tomcat.TomcatWebServer - Tomcat initialized with port 8080 (http)
2026-05-12 15:56:55 INFO  o.a.catalina.core.StandardService - Starting service [Tomcat]
2026-05-12 15:56:55 INFO  o.a.catalina.core.StandardEngine - Starting Servlet engine: [Apache Tomcat/10.1.24]
2026-05-12 15:56:56 INFO  o.a.c.c.C.[Tomcat].[localhost].[/] - Initializing Spring embedded WebApplicationContext
2026-05-12 15:56:56 INFO  o.s.b.w.s.c.ServletWebServerApplicationContext - Root WebApplicationContext: initialization completed in 5676 ms
2026-05-12 15:56:56 INFO  com.zaxxer.hikari.HikariDataSource - HikariPool-1 - Starting...
2026-05-12 15:56:57 INFO  com.zaxxer.hikari.pool.HikariPool - HikariPool-1 - Added connection org.postgresql.jdbc.PgConnection@36b52d02
2026-05-12 15:56:57 INFO  com.zaxxer.hikari.HikariDataSource - HikariPool-1 - Start completed.
2026-05-12 15:56:57 INFO  o.h.jpa.internal.util.LogHelper - HHH000204: Processing PersistenceUnitInfo [name: default]
2026-05-12 15:56:57 INFO  org.hibernate.Version - HHH000412: Hibernate ORM core version 6.5.2.Final
2026-05-12 15:56:57 INFO  o.h.c.i.RegionFactoryInitiator - HHH000026: Second-level cache disabled
2026-05-12 15:56:58 INFO  o.s.o.j.p.SpringPersistenceUnitInfo - No LoadTimeWeaver setup: ignoring JPA class transformer
2026-05-12 15:56:58 WARN  org.hibernate.orm.deprecation - HHH90000025: PostgreSQLDialect does not need to be specified explicitly using 'hibernate.dialect' (remove the property setting and it will be selected by default)
2026-05-12 15:57:00 INFO  o.h.m.i.EntityInstantiatorPojoStandard - HHH000182: No default (no-argument) constructor for class: com.davivienda.factoraje.domain.model.LogDocumentModel (class must be instantiated by Interceptor)
2026-05-12 15:57:01 INFO  o.h.e.t.j.p.i.JtaPlatformInitiator - HHH000489: No JTA platform available (set 'hibernate.transaction.jta.platform' to enable JTA platform integration)
2026-05-12 15:57:01 INFO  o.s.o.j.LocalContainerEntityManagerFactoryBean - Initialized JPA EntityManagerFactory for persistence unit 'default'
2026-05-12 15:57:02 INFO  c.d.f.service.OperationsService - Clave secreta para JWT cargada correctamente.
2026-05-12 15:57:02 INFO  c.d.f.service.OperationsService - Tiempo de expiraci籀n para JWT cargado: 900000 ms.
2026-05-12 15:57:02 INFO  c.d.factoraje.service.RoleService - RoleService initialized
2026-05-12 15:57:02 INFO  c.d.factoraje.service.UserService - UserService initialized
2026-05-12 15:57:03 INFO  c.d.f.controller.RoleController - AcceptanceAuditService initialized
2026-05-12 15:57:03 INFO  c.d.f.controller.RoleController - AcceptanceAuditController initialized
2026-05-12 15:57:03 INFO  c.d.factoraje.service.EntityService - EntityService initialized
2026-05-12 15:57:03 INFO  c.d.f.service.DocumentService - DocumentService initialized
2026-05-12 15:57:03 INFO  c.d.f.service.AgreementService - AgreementService initialized
2026-05-12 15:57:03 INFO  c.d.f.controller.AgreementController - AgreementController initialized
2026-05-12 15:57:03 INFO  c.d.f.controller.AuthController - AuthController initialized
2026-05-12 15:57:03 INFO  c.d.f.controller.EntityController - EntityController initialized
2026-05-12 15:57:03 INFO  c.d.f.service.OperationsService - OperationsService inicializado y listo para usar el servicio de par獺metros en cach矇.
2026-05-12 15:57:03 INFO  c.d.f.c.OperationsController - OperationsController initialized
2026-05-12 15:57:03 INFO  c.d.f.controller.AuthController - ParameterController initialized
2026-05-12 15:57:03 INFO  c.d.f.service.PermissionService - PermissionService initialized
2026-05-12 15:57:03 INFO  c.d.f.c.PermissionController - PermissionController initialized
2026-05-12 15:57:03 INFO  c.d.f.c.ProcessFileController - ProcessFileController initialized
2026-05-12 15:57:03 INFO  c.d.f.controller.RoleController - RoleController initialized
2026-05-12 15:57:03 INFO  o.s.d.j.r.query.QueryEnhancerFactory - Hibernate is in classpath; If applicable, HQL parser will be used.
2026-05-12 15:57:04 INFO  c.d.f.controller.AgreementController - Sso Service initialized
2026-05-12 15:57:04 INFO  c.d.f.controller.SsoController - SsoController initialized
2026-05-12 15:57:04 INFO  c.d.f.controller.RoleController - TermTypeController initialized
2026-05-12 15:57:04 INFO  c.d.f.controller.RoleController - TermVersionController initialized
2026-05-12 15:57:04 INFO  c.d.f.controller.UserController - UserController initialized
2026-05-12 15:57:04 WARN  o.s.b.a.o.j.JpaBaseConfiguration$JpaWebConfiguration - spring.jpa.open-in-view is enabled by default. Therefore, database queries may be performed during view rendering. Explicitly configure spring.jpa.open-in-view to disable this warning
2026-05-12 15:57:06 INFO  o.s.b.d.a.OptionalLiveReloadServer - LiveReload server is running on port 35729
2026-05-12 15:57:06 INFO  o.s.b.w.e.tomcat.TomcatWebServer - Tomcat started on port 8080 (http) with context path '/'
2026-05-12 15:57:06 INFO  c.d.factoraje.FactorajeApplication - Started FactorajeApplication in 17.422 seconds (process running for 18.803)
2026-05-12 15:57:18 INFO  o.a.c.c.C.[Tomcat].[localhost].[/] - Initializing Spring DispatcherServlet 'dispatcherServlet'
2026-05-12 15:57:18 INFO  o.s.web.servlet.DispatcherServlet - Initializing Servlet 'dispatcherServlet'
2026-05-12 15:57:18 INFO  o.s.web.servlet.DispatcherServlet - Completed initialization in 2 ms
2026-05-12 15:57:29 INFO  c.d.f.controller.AuthController - [Validate-session endpoint] - Validating session with token: null
2026-05-12 15:58:58 INFO  c.d.f.controller.AuthController - [Validate-session endpoint] - Validating session with token: null
2026-05-12 15:59:06 INFO  c.d.f.controller.UserController - GET /api/users/user - fetch logged user data
2026-05-12 15:59:06 INFO  c.d.f.controller.AgreementController - GET /api/agreement/bySupplier/9f1fb9d5-d476-473b-a533-9c346692cc70 - fetch agreements by supplier
2026-05-12 15:59:06 INFO  c.d.f.controller.AgreementController - No agreements found for supplier 9f1fb9d5-d476-473b-a533-9c346692cc70
2026-05-12 16:03:19 INFO  c.d.f.controller.AuthController - [Validate-session endpoint] - Validating session with token: eyJhbGciOiJIUzM4NCJ9.eyJzdWIiOiIwMTMzMTYzNzEiLCJpYXQiOjE3Nzg2MjMxNDUsImV4cCI6MTc3ODYyNDA0NX0.xAT3ErmeddW6e12aCFmWuRQzDmcm2CIgkBoKiRdIlKCRhjyVKR6l8yV-MXQsu8I0
2026-05-12 16:03:19 INFO  c.d.f.controller.UserController - GET /api/users/user - fetch logged user data
2026-05-12 16:15:20 INFO  c.d.f.controller.AuthController - [Validate-session endpoint] - Validating session with token: eyJhbGciOiJIUzM4NCJ9.eyJzdWIiOiIwMTMzMTYzNzEiLCJpYXQiOjE3Nzg2MjMxNDUsImV4cCI6MTc3ODYyNDA0NX0.xAT3ErmeddW6e12aCFmWuRQzDmcm2CIgkBoKiRdIlKCRhjyVKR6l8yV-MXQsu8I0
2026-05-12 16:15:20 WARN  c.d.f.service.OperationsService - El token JWT ha expirado: JWT expired at 2026-05-12T22:14:05Z. Current time: 2026-05-12T22:15:20Z, a difference of 75184 milliseconds.  Allowed clock skew: 0 milliseconds.
2026-05-12 16:15:25 INFO  c.d.f.controller.AuthController - [Validate-session endpoint] - Validating session with token: eyJhbGciOiJIUzM4NCJ9.eyJzdWIiOiIwMTMzMTYzNzEiLCJpYXQiOjE3Nzg2MjMxNDUsImV4cCI6MTc3ODYyNDA0NX0.xAT3ErmeddW6e12aCFmWuRQzDmcm2CIgkBoKiRdIlKCRhjyVKR6l8yV-MXQsu8I0
2026-05-12 16:15:25 WARN  c.d.f.service.OperationsService - El token JWT ha expirado: JWT expired at 2026-05-12T22:14:05Z. Current time: 2026-05-12T22:15:25Z, a difference of 80723 milliseconds.  Allowed clock skew: 0 milliseconds.
2026-05-12 16:15:31 INFO  c.d.f.controller.AuthController - [Validate-session endpoint] - Validating session with token: eyJhbGciOiJIUzM4NCJ9.eyJzdWIiOiIwMTMzMTYzNzEiLCJpYXQiOjE3Nzg2MjMxNDUsImV4cCI6MTc3ODYyNDA0NX0.xAT3ErmeddW6e12aCFmWuRQzDmcm2CIgkBoKiRdIlKCRhjyVKR6l8yV-MXQsu8I0
2026-05-12 16:15:31 WARN  c.d.f.service.OperationsService - El token JWT ha expirado: JWT expired at 2026-05-12T22:14:05Z. Current time: 2026-05-12T22:15:31Z, a difference of 86090 milliseconds.  Allowed clock skew: 0 milliseconds.
2026-05-12 16:18:21 INFO  c.d.f.controller.UserController - GET /api/users/user - fetch logged user data
2026-05-12 16:22:51 INFO  c.d.f.controller.AuthController - [Validate-session endpoint] - Validating session with token: eyJhbGciOiJIUzM4NCJ9.eyJzdWIiOiIwMTMzMTYzNzEiLCJpYXQiOjE3Nzg2MjQzMDEsImV4cCI6MTc3ODYyNTIwMX0.6TO_8Q3hBQxpws0RyVrQYeRM6V8nQHmMQ7KifBph2TT3huHG2tEIxAZrU0oNtrNm
2026-05-12 16:22:51 INFO  c.d.f.controller.UserController - GET /api/users/user - fetch logged user data
2026-05-12 16:22:51 INFO  c.d.f.controller.AgreementController - GET /api/agreement/bySupplier/9eded897-604e-4c66-a541-554faf0a8a5a - fetch agreements by supplier
2026-05-12 16:22:51 INFO  c.d.f.controller.AgreementController - Found 1 agreements for supplier 9eded897-604e-4c66-a541-554faf0a8a5a
2026-05-12 16:22:58 INFO  c.d.f.controller.EntityController - GET /api/entities/9eded897-604e-4c66-a541-554faf0a8a5a - get entity by id
2026-05-12 16:22:58 INFO  c.d.f.controller.EntityController - Entity found for id=9eded897-604e-4c66-a541-554faf0a8a5a
2026-05-12 16:48:12 INFO  c.d.f.controller.AuthController - [Validate-session endpoint] - Validating session with token: eyJhbGciOiJIUzM4NCJ9.eyJzdWIiOiIwMTMzMTYzNzEiLCJpYXQiOjE3Nzg2MjQzMDEsImV4cCI6MTc3ODYyNTIwMX0.6TO_8Q3hBQxpws0RyVrQYeRM6V8nQHmMQ7KifBph2TT3huHG2tEIxAZrU0oNtrNm
2026-05-12 16:48:12 WARN  c.d.f.service.OperationsService - El token JWT ha expirado: JWT expired at 2026-05-12T22:33:21Z. Current time: 2026-05-12T22:48:12Z, a difference of 891158 milliseconds.  Allowed clock skew: 0 milliseconds.
2026-05-12 16:48:46 INFO  c.d.f.controller.AuthController - [Validate-session endpoint] - Validating session with token: eyJhbGciOiJIUzM4NCJ9.eyJzdWIiOiIwMTMzMTYzNzEiLCJpYXQiOjE3Nzg2MjQzMDEsImV4cCI6MTc3ODYyNTIwMX0.6TO_8Q3hBQxpws0RyVrQYeRM6V8nQHmMQ7KifBph2TT3huHG2tEIxAZrU0oNtrNm
2026-05-12 16:48:46 WARN  c.d.f.service.OperationsService - El token JWT ha expirado: JWT expired at 2026-05-12T22:33:21Z. Current time: 2026-05-12T22:48:46Z, a difference of 925284 milliseconds.  Allowed clock skew: 0 milliseconds.
2026-05-12 16:52:23 INFO  o.s.b.d.a.LocalDevToolsAutoConfiguration$RestartingClassPathChangeChangedEventListener - Restarting due to 1 class path change (1 addition, 0 deletions, 0 modifications)
2026-05-12 16:52:23 INFO  o.s.o.j.LocalContainerEntityManagerFactoryBean - Closing JPA EntityManagerFactory for persistence unit 'default'
2026-05-12 16:52:23 INFO  com.zaxxer.hikari.HikariDataSource - HikariPool-1 - Shutdown initiated...
2026-05-12 16:52:23 INFO  com.zaxxer.hikari.HikariDataSource - HikariPool-1 - Shutdown completed.
