2026-02-20 08:58:10 INFO  c.d.factoraje.FactorajeApplication - Starting FactorajeApplication using Java 1.8.0_441 on SV03L000N3218 with PID 1356 (C:\Users\91737\Documents\WORKPLACE\SOFTWARE DEVELOPMENT\Repositorios davicash\server-DAV-confirming\target\classes started by 91737 in C:\Users\91737\Documents\WORKPLACE\SOFTWARE DEVELOPMENT\Repositorios davicash\server-DAV-confirming)
2026-02-20 08:58:10 INFO  c.d.factoraje.FactorajeApplication - No active profile set, falling back to 1 default profile: "default"
2026-02-20 08:58:10 INFO  o.s.b.d.e.DevToolsPropertyDefaultsPostProcessor - Devtools property defaults active! Set 'spring.devtools.add-properties' to 'false' to disable
2026-02-20 08:58:10 INFO  o.s.b.d.e.DevToolsPropertyDefaultsPostProcessor - For additional web related logging consider setting the 'logging.level.web' property to 'DEBUG'
2026-02-20 08:58:13 INFO  o.s.d.r.c.RepositoryConfigurationDelegate - Bootstrapping Spring Data JPA repositories in DEFAULT mode.
2026-02-20 08:58:14 INFO  o.s.d.r.c.RepositoryConfigurationDelegate - Finished Spring Data repository scanning in 848 ms. Found 12 JPA repository interfaces.
2026-02-20 08:58:18 INFO  o.s.b.w.e.tomcat.TomcatWebServer - Tomcat initialized with port(s): 8080 (http)
2026-02-20 08:58:18 INFO  o.a.catalina.core.StandardService - Starting service [Tomcat]
2026-02-20 08:58:18 INFO  o.a.catalina.core.StandardEngine - Starting Servlet engine: [Apache Tomcat/9.0.83]
2026-02-20 08:58:18 INFO  o.a.c.c.C.[Tomcat].[localhost].[/] - Initializing Spring embedded WebApplicationContext
2026-02-20 08:58:18 INFO  o.s.b.w.s.c.ServletWebServerApplicationContext - Root WebApplicationContext: initialization completed in 7265 ms
2026-02-20 08:58:18 INFO  com.zaxxer.hikari.HikariDataSource - HikariPool-1 - Starting...
2026-02-20 08:58:20 INFO  com.zaxxer.hikari.HikariDataSource - HikariPool-1 - Start completed.
2026-02-20 08:58:20 INFO  o.h.jpa.internal.util.LogHelper - HHH000204: Processing PersistenceUnitInfo [name: default]
2026-02-20 08:58:20 INFO  org.hibernate.Version - HHH000412: Hibernate ORM core version 5.6.15.Final
2026-02-20 08:58:21 INFO  o.h.annotations.common.Version - HCANN000001: Hibernate Commons Annotations {5.1.2.Final}
2026-02-20 08:58:21 INFO  org.hibernate.dialect.Dialect - HHH000400: Using dialect: org.hibernate.dialect.PostgreSQLDialect
2026-02-20 08:58:24 INFO  o.h.e.t.j.p.i.JtaPlatformInitiator - HHH000490: Using JtaPlatform implementation: [org.hibernate.engine.transaction.jta.platform.internal.NoJtaPlatform]
2026-02-20 08:58:24 INFO  o.s.o.j.LocalContainerEntityManagerFactoryBean - Initialized JPA EntityManagerFactory for persistence unit 'default'
2026-02-20 08:58:25 INFO  c.d.f.service.OperationsService - Clave secreta para JWT cargada correctamente.
2026-02-20 08:58:25 INFO  c.d.f.service.OperationsService - Tiempo de expiración para JWT cargado: 900000 ms.
2026-02-20 08:58:26 INFO  c.d.factoraje.service.RoleService - RoleService initialized
2026-02-20 08:58:26 INFO  c.d.factoraje.service.UserService - UserService initialized
2026-02-20 08:58:26 INFO  c.d.factoraje.service.EntityService - EntityService initialized
2026-02-20 08:58:26 INFO  c.d.f.service.DocumentService - DocumentService initialized
2026-02-20 08:58:26 INFO  c.d.f.service.AgreementService - AgreementService initialized
2026-02-20 08:58:26 INFO  c.d.f.controller.AgreementController - AgreementController initialized
2026-02-20 08:58:26 INFO  c.d.factoraje.service.EntornoService - EntornoController initialized
2026-02-20 08:58:26 INFO  c.d.f.controller.AuthController - AuthController initialized
2026-02-20 08:58:26 INFO  c.d.f.controller.EntityController - EntityController initialized
2026-02-20 08:58:26 INFO  c.d.f.service.OperationsService - OperationsService inicializado y listo para usar el servicio de parámetros en caché.
2026-02-20 08:58:26 INFO  c.d.f.c.OperationsController - OperationsController initialized
2026-02-20 08:58:26 INFO  c.d.f.controller.AuthController - ParameterController initialized
2026-02-20 08:58:26 INFO  c.d.f.service.PermissionService - PermissionService initialized
2026-02-20 08:58:26 INFO  c.d.f.c.PermissionController - PermissionController initialized
2026-02-20 08:58:26 INFO  c.d.f.c.ProcessFileController - ProcessFileController initialized
2026-02-20 08:58:26 INFO  c.d.f.controller.RoleController - RoleController initialized
2026-02-20 08:58:26 INFO  c.d.f.controller.UserController - UserController initialized
2026-02-20 08:58:26 INFO  c.d.factoraje.auth.InitEntorno - Inicio--------------
2026-02-20 08:58:26 INFO  c.d.factoraje.auth.InitEntorno - ------- Establenciendo conexion --------
2026-02-20 08:58:26 INFO  c.d.f.d.FabricaEntornoCoreSpring - parametro de conexion jndi: java:comp/env/jdbc/J2EntornoDB
2026-02-20 08:58:26 ERROR c.d.f.d.FabricaEntornoCoreSpring - FabricaEntornoCoreSpring||obtenerSpringDSConexion error en la configuracion del jndy
2026-02-20 08:58:26 INFO  c.d.f.d.FabricaEntornoCoreSpring - parametro de conexion jndi: java:comp/env/jdbc/J2EntornoDB
2026-02-20 08:58:26 ERROR c.d.f.d.FabricaEntornoCoreSpring - FabricaEntornoCoreSpring||obtenerSpringDSConexion error en la configuracion del jndy
2026-02-20 08:58:26 INFO  c.d.factoraje.auth.InitEntorno - Codigo App Entorno: FactorajeAuthBEL
2026-02-20 08:58:26 INFO  c.d.factoraje.auth.InitEntorno - TotalFabricas:::1
2026-02-20 08:58:26 INFO  c.d.factoraje.auth.InitEntorno - Fin-----------------
2026-02-20 08:58:27 WARN  o.s.b.a.o.j.JpaBaseConfiguration$JpaWebConfiguration - spring.jpa.open-in-view is enabled by default. Therefore, database queries may be performed during view rendering. Explicitly configure spring.jpa.open-in-view to disable this warning
2026-02-20 08:58:28 INFO  o.s.b.d.a.OptionalLiveReloadServer - LiveReload server is running on port 35729
2026-02-20 08:58:28 INFO  o.s.b.w.e.tomcat.TomcatWebServer - Tomcat started on port(s): 8080 (http) with context path ''
2026-02-20 08:58:28 INFO  c.d.factoraje.FactorajeApplication - Started FactorajeApplication in 18.831 seconds (JVM running for 19.88)
2026-02-20 08:59:45 INFO  o.a.c.c.C.[Tomcat].[localhost].[/] - Initializing Spring DispatcherServlet 'dispatcherServlet'
2026-02-20 08:59:45 INFO  o.s.web.servlet.DispatcherServlet - Initializing Servlet 'dispatcherServlet'
2026-02-20 08:59:45 INFO  o.s.web.servlet.DispatcherServlet - Completed initialization in 0 ms
2026-02-20 08:59:46 WARN  c.d.f.service.OperationsService - El token JWT ha expirado: JWT expired at 2026-02-20T00:56:25Z. Current time: 2026-02-20T14:59:46Z, a difference of 50601328 milliseconds.  Allowed clock skew: 0 milliseconds.
2026-02-20 08:59:50 INFO  c.d.f.controller.UserController - GET /api/users/user - fetch logged user data
2026-02-20 09:00:22 INFO  c.d.f.controller.UserController - GET /api/users/user - fetch logged user data
2026-02-20 09:00:40 INFO  c.d.f.controller.UserController - GET /api/users/user - fetch logged user data
2026-02-20 09:00:41 INFO  c.d.f.controller.AgreementController - GET /api/agreement/bySupplier/3b667c0b-4d6a-4b65-b038-bd19dd5e9f44 - fetch agreements by supplier
2026-02-20 09:00:41 INFO  c.d.f.controller.AgreementController - Found 1 agreements for supplier 3b667c0b-4d6a-4b65-b038-bd19dd5e9f44
2026-02-20 09:00:43 INFO  c.d.f.controller.EntityController - GET /api/entities/3b667c0b-4d6a-4b65-b038-bd19dd5e9f44 - get entity by id
2026-02-20 09:00:43 INFO  c.d.f.controller.EntityController - Entity found for id=3b667c0b-4d6a-4b65-b038-bd19dd5e9f44
2026-02-20 09:00:43 INFO  c.d.f.c.OperationsController - POST /api/operations/calculate - Received 3 calculation items
2026-02-20 09:00:43 INFO  c.d.f.service.OperationsService - Iniciando cálculo para 3 item(s).
2026-02-20 09:00:43 INFO  c.d.f.service.OperationsService - Parámetros para esta transacción -> Interés=0.075, Comisión=0.0025, Base=365, Days={}
2026-02-20 09:00:43 INFO  c.d.f.service.OperationsService - Cálculo finalizado. Total a desembolsar: 1817592.2545644955
2026-02-20 09:00:43 INFO  c.d.f.service.OperationsService - Cálculo finalizado. Comisión total: 5188.341325
2026-02-20 09:00:43 INFO  c.d.f.service.OperationsService - Monto total a financiar: 1822883.6316835056
2026-02-20 09:00:43 INFO  c.d.f.service.OperationsService - Monto total: 1836581
2026-02-20 09:00:44 INFO  c.d.f.c.OperationsController - Calculation successful for 3 items
2026-02-20 09:01:04 INFO  c.d.f.c.OperationsController - POST /api/operations/calculate - Received 3 calculation items
2026-02-20 09:01:04 INFO  c.d.f.service.OperationsService - Iniciando cálculo para 3 item(s).
2026-02-20 09:01:04 INFO  c.d.f.service.OperationsService - Parámetros para esta transacción -> Interés=0.075, Comisión=0.0025, Base=365, Days={}
2026-02-20 09:01:04 INFO  c.d.f.service.OperationsService - Cálculo finalizado. Total a desembolsar: 1817592.2545644955
2026-02-20 09:01:04 INFO  c.d.f.service.OperationsService - Cálculo finalizado. Comisión total: 5188.341325
2026-02-20 09:01:04 INFO  c.d.f.service.OperationsService - Monto total a financiar: 1822883.6316835056
2026-02-20 09:01:04 INFO  c.d.f.service.OperationsService - Monto total: 1836581
2026-02-20 09:01:04 INFO  c.d.f.c.OperationsController - Calculation successful for 3 items
2026-02-20 09:02:02 INFO  c.d.f.c.OperationsController - POST /api/operations/calculate - Received 2 calculation items
2026-02-20 09:02:02 INFO  c.d.f.service.OperationsService - Iniciando cálculo para 2 item(s).
2026-02-20 09:02:02 INFO  c.d.f.service.OperationsService - Parámetros para esta transacción -> Interés=0.075, Comisión=0.0025, Base=365, Days={}
2026-02-20 09:02:02 INFO  c.d.f.service.OperationsService - Cálculo finalizado. Total a desembolsar: 1101679.2771468610
2026-02-20 09:02:02 INFO  c.d.f.service.OperationsService - Cálculo finalizado. Comisión total: 3144.575300
2026-02-20 09:02:02 INFO  c.d.f.service.OperationsService - Monto total a financiar: 1104885.3867683376
2026-02-20 09:02:02 INFO  c.d.f.service.OperationsService - Monto total: 1113124
2026-02-20 09:02:02 INFO  c.d.f.c.OperationsController - Calculation successful for 2 items
2026-02-20 09:02:03 INFO  c.d.f.c.OperationsController - POST /api/operations/calculate - Received 1 calculation items
2026-02-20 09:02:03 INFO  c.d.f.service.OperationsService - Iniciando cálculo para 1 item(s).
2026-02-20 09:02:03 INFO  c.d.f.service.OperationsService - Parámetros para esta transacción -> Interés=0.075, Comisión=0.0025, Base=365, Days={}
2026-02-20 09:02:03 INFO  c.d.f.service.OperationsService - Cálculo finalizado. Total a desembolsar: 628530.4449585750
2026-02-20 09:02:03 INFO  c.d.f.service.OperationsService - Cálculo finalizado. Comisión total: 1793.564250
2026-02-20 09:02:03 INFO  c.d.f.service.OperationsService - Monto total a financiar: 630356.6123338110
2026-02-20 09:02:03 INFO  c.d.f.service.OperationsService - Monto total: 634890
2026-02-20 09:02:03 INFO  c.d.f.c.OperationsController - Calculation successful for 1 items
2026-02-20 09:02:05 INFO  c.d.f.c.OperationsController - POST /api/operations/calculate - Received 1 calculation items
2026-02-20 09:02:05 INFO  c.d.f.service.OperationsService - Iniciando cálculo para 1 item(s).
2026-02-20 09:02:05 INFO  c.d.f.service.OperationsService - Parámetros para esta transacción -> Interés=0.075, Comisión=0.0025, Base=365, Days={}
2026-02-20 09:02:05 INFO  c.d.f.service.OperationsService - Cálculo finalizado. Total a desembolsar: 715912.9774176345
2026-02-20 09:02:05 INFO  c.d.f.service.OperationsService - Cálculo finalizado. Comisión total: 2043.766025
2026-02-20 09:02:05 INFO  c.d.f.service.OperationsService - Monto total a financiar: 717998.2449151680
2026-02-20 09:02:05 INFO  c.d.f.service.OperationsService - Monto total: 723457
2026-02-20 09:02:05 INFO  c.d.f.c.OperationsController - Calculation successful for 1 items
2026-02-20 11:09:32 WARN  com.zaxxer.hikari.pool.HikariPool - HikariPool-1 - Thread starvation or clock leap detected (housekeeper delta=12m10s257ms126µs900ns).
2026-02-20 11:40:08 WARN  c.d.f.service.OperationsService - El token JWT ha expirado: JWT expired at 2026-02-20T15:15:40Z. Current time: 2026-02-20T17:40:08Z, a difference of 8668090 milliseconds.  Allowed clock skew: 0 milliseconds.
