2026-02-23 10:29:17 INFO  c.d.factoraje.FactorajeApplication - Starting FactorajeApplication using Java 1.8.0_441 on SV03L000N3218 with PID 19328 (C:\Users\91737\Documents\WORKPLACE\SOFTWARE DEVELOPMENT\Repositorios davicash\server-DAV-confirming\target\classes started by 91737 in C:\Users\91737\Documents\WORKPLACE\SOFTWARE DEVELOPMENT\Repositorios davicash\server-DAV-confirming)
2026-02-23 10:29:17 INFO  c.d.factoraje.FactorajeApplication - No active profile set, falling back to 1 default profile: "default"
2026-02-23 10:29:17 INFO  o.s.b.d.e.DevToolsPropertyDefaultsPostProcessor - Devtools property defaults active! Set 'spring.devtools.add-properties' to 'false' to disable
2026-02-23 10:29:17 INFO  o.s.b.d.e.DevToolsPropertyDefaultsPostProcessor - For additional web related logging consider setting the 'logging.level.web' property to 'DEBUG'
2026-02-23 10:29:21 INFO  o.s.d.r.c.RepositoryConfigurationDelegate - Bootstrapping Spring Data JPA repositories in DEFAULT mode.
2026-02-23 10:29:22 INFO  o.s.d.r.c.RepositoryConfigurationDelegate - Finished Spring Data repository scanning in 843 ms. Found 13 JPA repository interfaces.
2026-02-23 10:29:25 INFO  o.s.b.w.e.tomcat.TomcatWebServer - Tomcat initialized with port(s): 8080 (http)
2026-02-23 10:29:25 INFO  o.a.catalina.core.StandardService - Starting service [Tomcat]
2026-02-23 10:29:25 INFO  o.a.catalina.core.StandardEngine - Starting Servlet engine: [Apache Tomcat/9.0.83]
2026-02-23 10:29:26 INFO  o.a.c.c.C.[Tomcat].[localhost].[/] - Initializing Spring embedded WebApplicationContext
2026-02-23 10:29:26 INFO  o.s.b.w.s.c.ServletWebServerApplicationContext - Root WebApplicationContext: initialization completed in 8581 ms
2026-02-23 10:29:26 INFO  com.zaxxer.hikari.HikariDataSource - HikariPool-1 - Starting...
2026-02-23 10:29:28 INFO  com.zaxxer.hikari.HikariDataSource - HikariPool-1 - Start completed.
2026-02-23 10:29:28 INFO  o.h.jpa.internal.util.LogHelper - HHH000204: Processing PersistenceUnitInfo [name: default]
2026-02-23 10:29:28 INFO  org.hibernate.Version - HHH000412: Hibernate ORM core version 5.6.15.Final
2026-02-23 10:29:29 INFO  o.h.annotations.common.Version - HCANN000001: Hibernate Commons Annotations {5.1.2.Final}
2026-02-23 10:29:29 INFO  org.hibernate.dialect.Dialect - HHH000400: Using dialect: org.hibernate.dialect.PostgreSQLDialect
2026-02-23 10:29:32 INFO  o.h.e.t.j.p.i.JtaPlatformInitiator - HHH000490: Using JtaPlatform implementation: [org.hibernate.engine.transaction.jta.platform.internal.NoJtaPlatform]
2026-02-23 10:29:32 INFO  o.s.o.j.LocalContainerEntityManagerFactoryBean - Initialized JPA EntityManagerFactory for persistence unit 'default'
2026-02-23 10:29:33 INFO  c.d.f.service.OperationsService - Clave secreta para JWT cargada correctamente.
2026-02-23 10:29:33 INFO  c.d.f.service.OperationsService - Tiempo de expiración para JWT cargado: 900000 ms.
2026-02-23 10:29:33 INFO  c.d.factoraje.service.RoleService - RoleService initialized
2026-02-23 10:29:33 INFO  c.d.factoraje.service.UserService - UserService initialized
2026-02-23 10:29:34 INFO  c.d.factoraje.service.EntityService - EntityService initialized
2026-02-23 10:29:34 INFO  c.d.f.service.DocumentService - DocumentService initialized
2026-02-23 10:29:34 INFO  c.d.f.service.AgreementService - AgreementService initialized
2026-02-23 10:29:34 INFO  c.d.f.controller.AgreementController - AgreementController initialized
2026-02-23 10:29:34 INFO  c.d.factoraje.service.EntornoService - EntornoController initialized
2026-02-23 10:29:34 INFO  c.d.f.controller.AuthController - AuthController initialized
2026-02-23 10:29:34 INFO  c.d.f.controller.EntityController - EntityController initialized
2026-02-23 10:29:34 INFO  c.d.f.service.OperationsService - OperationsService inicializado y listo para usar el servicio de parámetros en caché.
2026-02-23 10:29:34 INFO  c.d.f.c.OperationsController - OperationsController initialized
2026-02-23 10:29:34 INFO  c.d.f.controller.AuthController - ParameterController initialized
2026-02-23 10:29:34 INFO  c.d.f.service.PermissionService - PermissionService initialized
2026-02-23 10:29:34 INFO  c.d.f.c.PermissionController - PermissionController initialized
2026-02-23 10:29:34 INFO  c.d.f.c.ProcessFileController - ProcessFileController initialized
2026-02-23 10:29:34 INFO  c.d.f.controller.RoleController - RoleController initialized
2026-02-23 10:29:34 WARN  o.s.b.w.s.c.AnnotationConfigServletWebServerApplicationContext - Exception encountered during context initialization - cancelling refresh attempt: org.springframework.beans.factory.UnsatisfiedDependencyException: Error creating bean with name 'ssoController' defined in file [C:\Users\91737\Documents\WORKPLACE\SOFTWARE DEVELOPMENT\Repositorios davicash\server-DAV-confirming\target\classes\com\davivienda\factoraje\controller\SsoController.class]: Unsatisfied dependency expressed through constructor parameter 0; nested exception is org.springframework.beans.factory.UnsatisfiedDependencyException: Error creating bean with name 'ssoService' defined in file [C:\Users\91737\Documents\WORKPLACE\SOFTWARE DEVELOPMENT\Repositorios davicash\server-DAV-confirming\target\classes\com\davivienda\factoraje\service\SsoService.class]: Unsatisfied dependency expressed through constructor parameter 3; nested exception is org.springframework.beans.factory.BeanCreationException: Error creating bean with name 'pendingSessionRepository' defined in com.davivienda.factoraje.repository.PendingSessionRepository defined in @EnableJpaRepositories declared on JpaRepositoriesRegistrar.EnableJpaRepositoriesConfiguration: Invocation of init method failed; nested exception is org.springframework.data.repository.query.QueryCreationException: Could not create query for public abstract void com.davivienda.factoraje.repository.PendingSessionRepository.deleteExpiredSessions(java.time.LocalDateTime); Reason: Validation failed for query for method public abstract void com.davivienda.factoraje.repository.PendingSessionRepository.deleteExpiredSessions(java.time.LocalDateTime)!; nested exception is java.lang.IllegalArgumentException: Validation failed for query for method public abstract void com.davivienda.factoraje.repository.PendingSessionRepository.deleteExpiredSessions(java.time.LocalDateTime)!
2026-02-23 10:29:34 INFO  o.s.o.j.LocalContainerEntityManagerFactoryBean - Closing JPA EntityManagerFactory for persistence unit 'default'
2026-02-23 10:29:34 INFO  com.zaxxer.hikari.HikariDataSource - HikariPool-1 - Shutdown initiated...
2026-02-23 10:29:34 INFO  com.zaxxer.hikari.HikariDataSource - HikariPool-1 - Shutdown completed.
2026-02-23 10:29:34 INFO  o.a.catalina.core.StandardService - Stopping service [Tomcat]
2026-02-23 10:29:34 INFO  o.s.b.a.l.ConditionEvaluationReportLoggingListener - 

Error starting ApplicationContext. To display the conditions report re-run your application with 'debug' enabled.
2026-02-23 10:29:34 ERROR o.s.boot.SpringApplication - Application run failed
org.springframework.beans.factory.UnsatisfiedDependencyException: Error creating bean with name 'ssoController' defined in file [C:\Users\91737\Documents\WORKPLACE\SOFTWARE DEVELOPMENT\Repositorios davicash\server-DAV-confirming\target\classes\com\davivienda\factoraje\controller\SsoController.class]: Unsatisfied dependency expressed through constructor parameter 0; nested exception is org.springframework.beans.factory.UnsatisfiedDependencyException: Error creating bean with name 'ssoService' defined in file [C:\Users\91737\Documents\WORKPLACE\SOFTWARE DEVELOPMENT\Repositorios davicash\server-DAV-confirming\target\classes\com\davivienda\factoraje\service\SsoService.class]: Unsatisfied dependency expressed through constructor parameter 3; nested exception is org.springframework.beans.factory.BeanCreationException: Error creating bean with name 'pendingSessionRepository' defined in com.davivienda.factoraje.repository.PendingSessionRepository defined in @EnableJpaRepositories declared on JpaRepositoriesRegistrar.EnableJpaRepositoriesConfiguration: Invocation of init method failed; nested exception is org.springframework.data.repository.query.QueryCreationException: Could not create query for public abstract void com.davivienda.factoraje.repository.PendingSessionRepository.deleteExpiredSessions(java.time.LocalDateTime); Reason: Validation failed for query for method public abstract void com.davivienda.factoraje.repository.PendingSessionRepository.deleteExpiredSessions(java.time.LocalDateTime)!; nested exception is java.lang.IllegalArgumentException: Validation failed for query for method public abstract void com.davivienda.factoraje.repository.PendingSessionRepository.deleteExpiredSessions(java.time.LocalDateTime)!
	at org.springframework.beans.factory.support.ConstructorResolver.createArgumentArray(ConstructorResolver.java:801)
	at org.springframework.beans.factory.support.ConstructorResolver.autowireConstructor(ConstructorResolver.java:224)
	at org.springframework.beans.factory.support.AbstractAutowireCapableBeanFactory.autowireConstructor(AbstractAutowireCapableBeanFactory.java:1372)
	at org.springframework.beans.factory.support.AbstractAutowireCapableBeanFactory.createBeanInstance(AbstractAutowireCapableBeanFactory.java:1222)
	at org.springframework.beans.factory.support.AbstractAutowireCapableBeanFactory.doCreateBean(AbstractAutowireCapableBeanFactory.java:582)
	at org.springframework.beans.factory.support.AbstractAutowireCapableBeanFactory.createBean(AbstractAutowireCapableBeanFactory.java:542)
	at org.springframework.beans.factory.support.AbstractBeanFactory.lambda$doGetBean$0(AbstractBeanFactory.java:335)
	at org.springframework.beans.factory.support.DefaultSingletonBeanRegistry.getSingleton(DefaultSingletonBeanRegistry.java:234)
	at org.springframework.beans.factory.support.AbstractBeanFactory.doGetBean(AbstractBeanFactory.java:333)
	at org.springframework.beans.factory.support.AbstractBeanFactory.getBean(AbstractBeanFactory.java:208)
	at org.springframework.beans.factory.support.DefaultListableBeanFactory.preInstantiateSingletons(DefaultListableBeanFactory.java:955)
	at org.springframework.context.support.AbstractApplicationContext.finishBeanFactoryInitialization(AbstractApplicationContext.java:929)
	at org.springframework.context.support.AbstractApplicationContext.refresh(AbstractApplicationContext.java:591)
	at org.springframework.boot.web.servlet.context.ServletWebServerApplicationContext.refresh(ServletWebServerApplicationContext.java:147)
	at org.springframework.boot.SpringApplication.refresh(SpringApplication.java:732)
	at org.springframework.boot.SpringApplication.refreshContext(SpringApplication.java:409)
	at org.springframework.boot.SpringApplication.run(SpringApplication.java:308)
	at org.springframework.boot.SpringApplication.run(SpringApplication.java:1300)
	at org.springframework.boot.SpringApplication.run(SpringApplication.java:1289)
	at com.davivienda.factoraje.FactorajeApplication.main(FactorajeApplication.java:16)
	at sun.reflect.NativeMethodAccessorImpl.invoke0(Native Method)
	at sun.reflect.NativeMethodAccessorImpl.invoke(NativeMethodAccessorImpl.java:62)
	at sun.reflect.DelegatingMethodAccessorImpl.invoke(DelegatingMethodAccessorImpl.java:43)
	at java.lang.reflect.Method.invoke(Method.java:498)
	at org.springframework.boot.devtools.restart.RestartLauncher.run(RestartLauncher.java:50)
Caused by: org.springframework.beans.factory.UnsatisfiedDependencyException: Error creating bean with name 'ssoService' defined in file [C:\Users\91737\Documents\WORKPLACE\SOFTWARE DEVELOPMENT\Repositorios davicash\server-DAV-confirming\target\classes\com\davivienda\factoraje\service\SsoService.class]: Unsatisfied dependency expressed through constructor parameter 3; nested exception is org.springframework.beans.factory.BeanCreationException: Error creating bean with name 'pendingSessionRepository' defined in com.davivienda.factoraje.repository.PendingSessionRepository defined in @EnableJpaRepositories declared on JpaRepositoriesRegistrar.EnableJpaRepositoriesConfiguration: Invocation of init method failed; nested exception is org.springframework.data.repository.query.QueryCreationException: Could not create query for public abstract void com.davivienda.factoraje.repository.PendingSessionRepository.deleteExpiredSessions(java.time.LocalDateTime); Reason: Validation failed for query for method public abstract void com.davivienda.factoraje.repository.PendingSessionRepository.deleteExpiredSessions(java.time.LocalDateTime)!; nested exception is java.lang.IllegalArgumentException: Validation failed for query for method public abstract void com.davivienda.factoraje.repository.PendingSessionRepository.deleteExpiredSessions(java.time.LocalDateTime)!
	at org.springframework.beans.factory.support.ConstructorResolver.createArgumentArray(ConstructorResolver.java:801)
	at org.springframework.beans.factory.support.ConstructorResolver.autowireConstructor(ConstructorResolver.java:224)
	at org.springframework.beans.factory.support.AbstractAutowireCapableBeanFactory.autowireConstructor(AbstractAutowireCapableBeanFactory.java:1372)
	at org.springframework.beans.factory.support.AbstractAutowireCapableBeanFactory.createBeanInstance(AbstractAutowireCapableBeanFactory.java:1222)
	at org.springframework.beans.factory.support.AbstractAutowireCapableBeanFactory.doCreateBean(AbstractAutowireCapableBeanFactory.java:582)
	at org.springframework.beans.factory.support.AbstractAutowireCapableBeanFactory.createBean(AbstractAutowireCapableBeanFactory.java:542)
	at org.springframework.beans.factory.support.AbstractBeanFactory.lambda$doGetBean$0(AbstractBeanFactory.java:335)
	at org.springframework.beans.factory.support.DefaultSingletonBeanRegistry.getSingleton(DefaultSingletonBeanRegistry.java:234)
	at org.springframework.beans.factory.support.AbstractBeanFactory.doGetBean(AbstractBeanFactory.java:333)
	at org.springframework.beans.factory.support.AbstractBeanFactory.getBean(AbstractBeanFactory.java:208)
	at org.springframework.beans.factory.config.DependencyDescriptor.resolveCandidate(DependencyDescriptor.java:276)
	at org.springframework.beans.factory.support.DefaultListableBeanFactory.doResolveDependency(DefaultListableBeanFactory.java:1391)
	at org.springframework.beans.factory.support.DefaultListableBeanFactory.resolveDependency(DefaultListableBeanFactory.java:1311)
	at org.springframework.beans.factory.support.ConstructorResolver.resolveAutowiredArgument(ConstructorResolver.java:911)
	at org.springframework.beans.factory.support.ConstructorResolver.createArgumentArray(ConstructorResolver.java:788)
	... 24 common frames omitted
Caused by: org.springframework.beans.factory.BeanCreationException: Error creating bean with name 'pendingSessionRepository' defined in com.davivienda.factoraje.repository.PendingSessionRepository defined in @EnableJpaRepositories declared on JpaRepositoriesRegistrar.EnableJpaRepositoriesConfiguration: Invocation of init method failed; nested exception is org.springframework.data.repository.query.QueryCreationException: Could not create query for public abstract void com.davivienda.factoraje.repository.PendingSessionRepository.deleteExpiredSessions(java.time.LocalDateTime); Reason: Validation failed for query for method public abstract void com.davivienda.factoraje.repository.PendingSessionRepository.deleteExpiredSessions(java.time.LocalDateTime)!; nested exception is java.lang.IllegalArgumentException: Validation failed for query for method public abstract void com.davivienda.factoraje.repository.PendingSessionRepository.deleteExpiredSessions(java.time.LocalDateTime)!
	at org.springframework.beans.factory.support.AbstractAutowireCapableBeanFactory.initializeBean(AbstractAutowireCapableBeanFactory.java:1804)
	at org.springframework.beans.factory.support.AbstractAutowireCapableBeanFactory.doCreateBean(AbstractAutowireCapableBeanFactory.java:620)
	at org.springframework.beans.factory.support.AbstractAutowireCapableBeanFactory.createBean(AbstractAutowireCapableBeanFactory.java:542)
	at org.springframework.beans.factory.support.AbstractBeanFactory.lambda$doGetBean$0(AbstractBeanFactory.java:335)
	at org.springframework.beans.factory.support.DefaultSingletonBeanRegistry.getSingleton(DefaultSingletonBeanRegistry.java:234)
	at org.springframework.beans.factory.support.AbstractBeanFactory.doGetBean(AbstractBeanFactory.java:333)
	at org.springframework.beans.factory.support.AbstractBeanFactory.getBean(AbstractBeanFactory.java:208)
	at org.springframework.beans.factory.config.DependencyDescriptor.resolveCandidate(DependencyDescriptor.java:276)
	at org.springframework.beans.factory.support.DefaultListableBeanFactory.doResolveDependency(DefaultListableBeanFactory.java:1391)
	at org.springframework.beans.factory.support.DefaultListableBeanFactory.resolveDependency(DefaultListableBeanFactory.java:1311)
	at org.springframework.beans.factory.support.ConstructorResolver.resolveAutowiredArgument(ConstructorResolver.java:911)
	at org.springframework.beans.factory.support.ConstructorResolver.createArgumentArray(ConstructorResolver.java:788)
	... 38 common frames omitted
Caused by: org.springframework.data.repository.query.QueryCreationException: Could not create query for public abstract void com.davivienda.factoraje.repository.PendingSessionRepository.deleteExpiredSessions(java.time.LocalDateTime); Reason: Validation failed for query for method public abstract void com.davivienda.factoraje.repository.PendingSessionRepository.deleteExpiredSessions(java.time.LocalDateTime)!; nested exception is java.lang.IllegalArgumentException: Validation failed for query for method public abstract void com.davivienda.factoraje.repository.PendingSessionRepository.deleteExpiredSessions(java.time.LocalDateTime)!
	at org.springframework.data.repository.query.QueryCreationException.create(QueryCreationException.java:101)
	at org.springframework.data.repository.core.support.QueryExecutorMethodInterceptor.lookupQuery(QueryExecutorMethodInterceptor.java:107)
	at org.springframework.data.repository.core.support.QueryExecutorMethodInterceptor.lambda$mapMethodsToQuery$1(QueryExecutorMethodInterceptor.java:95)
	at java.util.stream.ReferencePipeline$3$1.accept(ReferencePipeline.java:193)
	at java.util.Iterator.forEachRemaining(Iterator.java:116)
	at java.util.Collections$UnmodifiableCollection$1.forEachRemaining(Collections.java:1051)
	at java.util.Spliterators$IteratorSpliterator.forEachRemaining(Spliterators.java:1801)
	at java.util.stream.AbstractPipeline.copyInto(AbstractPipeline.java:482)
	at java.util.stream.AbstractPipeline.wrapAndCopyInto(AbstractPipeline.java:472)
	at java.util.stream.ReduceOps$ReduceOp.evaluateSequential(ReduceOps.java:708)
	at java.util.stream.AbstractPipeline.evaluate(AbstractPipeline.java:234)
	at java.util.stream.ReferencePipeline.collect(ReferencePipeline.java:499)
	at org.springframework.data.repository.core.support.QueryExecutorMethodInterceptor.mapMethodsToQuery(QueryExecutorMethodInterceptor.java:97)
	at org.springframework.data.repository.core.support.QueryExecutorMethodInterceptor.lambda$new$0(QueryExecutorMethodInterceptor.java:87)
	at java.util.Optional.map(Optional.java:215)
	at org.springframework.data.repository.core.support.QueryExecutorMethodInterceptor.<init>(QueryExecutorMethodInterceptor.java:87)
	at org.springframework.data.repository.core.support.RepositoryFactorySupport.getRepository(RepositoryFactorySupport.java:365)
	at org.springframework.data.repository.core.support.RepositoryFactoryBeanSupport.lambda$afterPropertiesSet$5(RepositoryFactoryBeanSupport.java:323)
	at org.springframework.data.util.Lazy.getNullable(Lazy.java:231)
	at org.springframework.data.util.Lazy.get(Lazy.java:115)
	at org.springframework.data.repository.core.support.RepositoryFactoryBeanSupport.afterPropertiesSet(RepositoryFactoryBeanSupport.java:329)
	at org.springframework.data.jpa.repository.support.JpaRepositoryFactoryBean.afterPropertiesSet(JpaRepositoryFactoryBean.java:144)
	at org.springframework.beans.factory.support.AbstractAutowireCapableBeanFactory.invokeInitMethods(AbstractAutowireCapableBeanFactory.java:1863)
	at org.springframework.beans.factory.support.AbstractAutowireCapableBeanFactory.initializeBean(AbstractAutowireCapableBeanFactory.java:1800)
	... 49 common frames omitted
Caused by: java.lang.IllegalArgumentException: Validation failed for query for method public abstract void com.davivienda.factoraje.repository.PendingSessionRepository.deleteExpiredSessions(java.time.LocalDateTime)!
	at org.springframework.data.jpa.repository.query.SimpleJpaQuery.validateQuery(SimpleJpaQuery.java:96)
	at org.springframework.data.jpa.repository.query.SimpleJpaQuery.<init>(SimpleJpaQuery.java:66)
	at org.springframework.data.jpa.repository.query.JpaQueryFactory.fromMethodWithQueryString(JpaQueryFactory.java:51)
	at org.springframework.data.jpa.repository.query.JpaQueryLookupStrategy$DeclaredQueryLookupStrategy.resolveQuery(JpaQueryLookupStrategy.java:169)
	at org.springframework.data.jpa.repository.query.JpaQueryLookupStrategy$CreateIfNotFoundQueryLookupStrategy.resolveQuery(JpaQueryLookupStrategy.java:253)
	at org.springframework.data.jpa.repository.query.JpaQueryLookupStrategy$AbstractQueryLookupStrategy.resolveQuery(JpaQueryLookupStrategy.java:93)
	at org.springframework.data.repository.core.support.QueryExecutorMethodInterceptor.lookupQuery(QueryExecutorMethodInterceptor.java:103)
	... 71 common frames omitted
Caused by: java.lang.IllegalArgumentException: org.hibernate.hql.internal.ast.QuerySyntaxException: PendingSession is not mapped [DELETE FROM PendingSession p WHERE p.expiresAt < :now]
	at org.hibernate.internal.ExceptionConverterImpl.convert(ExceptionConverterImpl.java:138)
	at org.hibernate.internal.ExceptionConverterImpl.convert(ExceptionConverterImpl.java:181)
	at org.hibernate.internal.ExceptionConverterImpl.convert(ExceptionConverterImpl.java:188)
	at org.hibernate.internal.AbstractSharedSessionContract.createQuery(AbstractSharedSessionContract.java:757)
	at org.hibernate.internal.AbstractSharedSessionContract.createQuery(AbstractSharedSessionContract.java:114)
	at sun.reflect.NativeMethodAccessorImpl.invoke0(Native Method)
	at sun.reflect.NativeMethodAccessorImpl.invoke(NativeMethodAccessorImpl.java:62)
	at sun.reflect.DelegatingMethodAccessorImpl.invoke(DelegatingMethodAccessorImpl.java:43)
	at java.lang.reflect.Method.invoke(Method.java:498)
	at org.springframework.orm.jpa.ExtendedEntityManagerCreator$ExtendedEntityManagerInvocationHandler.invoke(ExtendedEntityManagerCreator.java:362)
	at com.sun.proxy.$Proxy131.createQuery(Unknown Source)
	at org.springframework.data.jpa.repository.query.SimpleJpaQuery.validateQuery(SimpleJpaQuery.java:90)
	... 77 common frames omitted
Caused by: org.hibernate.hql.internal.ast.QuerySyntaxException: PendingSession is not mapped [DELETE FROM PendingSession p WHERE p.expiresAt < :now]
	at org.hibernate.hql.internal.ast.QuerySyntaxException.generateQueryException(QuerySyntaxException.java:79)
	at org.hibernate.QueryException.wrapWithQueryString(QueryException.java:103)
	at org.hibernate.hql.internal.ast.QueryTranslatorImpl.doCompile(QueryTranslatorImpl.java:220)
	at org.hibernate.hql.internal.ast.QueryTranslatorImpl.compile(QueryTranslatorImpl.java:144)
	at org.hibernate.engine.query.spi.HQLQueryPlan.<init>(HQLQueryPlan.java:112)
	at org.hibernate.engine.query.spi.HQLQueryPlan.<init>(HQLQueryPlan.java:73)
	at org.hibernate.engine.query.spi.QueryPlanCache.getHQLQueryPlan(QueryPlanCache.java:162)
	at org.hibernate.internal.AbstractSharedSessionContract.getQueryPlan(AbstractSharedSessionContract.java:636)
	at org.hibernate.internal.AbstractSharedSessionContract.createQuery(AbstractSharedSessionContract.java:748)
	... 85 common frames omitted
Caused by: org.hibernate.hql.internal.ast.QuerySyntaxException: PendingSession is not mapped
	at org.hibernate.hql.internal.ast.util.SessionFactoryHelper.requireClassPersister(SessionFactoryHelper.java:170)
	at org.hibernate.hql.internal.ast.tree.FromElementFactory.addFromElement(FromElementFactory.java:91)
	at org.hibernate.hql.internal.ast.tree.FromClause.addFromElement(FromClause.java:77)
	at org.hibernate.hql.internal.ast.HqlSqlWalker.createFromElement(HqlSqlWalker.java:334)
	at org.hibernate.hql.internal.antlr.HqlSqlBaseWalker.fromElement(HqlSqlBaseWalker.java:3782)
	at org.hibernate.hql.internal.antlr.HqlSqlBaseWalker.fromElementList(HqlSqlBaseWalker.java:3671)
	at org.hibernate.hql.internal.antlr.HqlSqlBaseWalker.fromClause(HqlSqlBaseWalker.java:746)
	at org.hibernate.hql.internal.antlr.HqlSqlBaseWalker.deleteStatement(HqlSqlBaseWalker.java:475)
	at org.hibernate.hql.internal.antlr.HqlSqlBaseWalker.statement(HqlSqlBaseWalker.java:303)
	at org.hibernate.hql.internal.ast.QueryTranslatorImpl.analyze(QueryTranslatorImpl.java:276)
	at org.hibernate.hql.internal.ast.QueryTranslatorImpl.doCompile(QueryTranslatorImpl.java:192)
	... 91 common frames omitted
2026-02-23 10:30:26 INFO  c.d.factoraje.FactorajeApplication - Starting FactorajeApplication using Java 1.8.0_441 on SV03L000N3218 with PID 20668 (C:\Users\91737\Documents\WORKPLACE\SOFTWARE DEVELOPMENT\Repositorios davicash\server-DAV-confirming\target\classes started by 91737 in C:\Users\91737\Documents\WORKPLACE\SOFTWARE DEVELOPMENT\Repositorios davicash\server-DAV-confirming)
2026-02-23 10:30:26 INFO  c.d.factoraje.FactorajeApplication - No active profile set, falling back to 1 default profile: "default"
2026-02-23 10:30:26 INFO  o.s.b.d.e.DevToolsPropertyDefaultsPostProcessor - Devtools property defaults active! Set 'spring.devtools.add-properties' to 'false' to disable
2026-02-23 10:30:26 INFO  o.s.b.d.e.DevToolsPropertyDefaultsPostProcessor - For additional web related logging consider setting the 'logging.level.web' property to 'DEBUG'
2026-02-23 10:30:28 INFO  o.s.d.r.c.RepositoryConfigurationDelegate - Bootstrapping Spring Data JPA repositories in DEFAULT mode.
2026-02-23 10:30:28 INFO  o.s.d.r.c.RepositoryConfigurationDelegate - Finished Spring Data repository scanning in 386 ms. Found 13 JPA repository interfaces.
2026-02-23 10:30:32 INFO  o.s.b.w.e.tomcat.TomcatWebServer - Tomcat initialized with port(s): 8080 (http)
2026-02-23 10:30:32 INFO  o.a.catalina.core.StandardService - Starting service [Tomcat]
2026-02-23 10:30:32 INFO  o.a.catalina.core.StandardEngine - Starting Servlet engine: [Apache Tomcat/9.0.83]
2026-02-23 10:30:32 INFO  o.a.c.c.C.[Tomcat].[localhost].[/] - Initializing Spring embedded WebApplicationContext
2026-02-23 10:30:32 INFO  o.s.b.w.s.c.ServletWebServerApplicationContext - Root WebApplicationContext: initialization completed in 6249 ms
2026-02-23 10:30:33 INFO  com.zaxxer.hikari.HikariDataSource - HikariPool-1 - Starting...
2026-02-23 10:30:35 INFO  com.zaxxer.hikari.HikariDataSource - HikariPool-1 - Start completed.
2026-02-23 10:30:35 INFO  o.h.jpa.internal.util.LogHelper - HHH000204: Processing PersistenceUnitInfo [name: default]
2026-02-23 10:30:35 INFO  org.hibernate.Version - HHH000412: Hibernate ORM core version 5.6.15.Final
2026-02-23 10:30:35 INFO  o.h.annotations.common.Version - HCANN000001: Hibernate Commons Annotations {5.1.2.Final}
2026-02-23 10:30:35 INFO  org.hibernate.dialect.Dialect - HHH000400: Using dialect: org.hibernate.dialect.PostgreSQLDialect
2026-02-23 10:30:37 INFO  o.h.e.t.j.p.i.JtaPlatformInitiator - HHH000490: Using JtaPlatform implementation: [org.hibernate.engine.transaction.jta.platform.internal.NoJtaPlatform]
2026-02-23 10:30:37 INFO  o.s.o.j.LocalContainerEntityManagerFactoryBean - Initialized JPA EntityManagerFactory for persistence unit 'default'
2026-02-23 10:30:39 INFO  c.d.f.service.OperationsService - Clave secreta para JWT cargada correctamente.
2026-02-23 10:30:39 INFO  c.d.f.service.OperationsService - Tiempo de expiración para JWT cargado: 900000 ms.
2026-02-23 10:30:40 INFO  c.d.factoraje.service.RoleService - RoleService initialized
2026-02-23 10:30:40 INFO  c.d.factoraje.service.UserService - UserService initialized
2026-02-23 10:30:40 INFO  c.d.factoraje.service.EntityService - EntityService initialized
2026-02-23 10:30:40 INFO  c.d.f.service.DocumentService - DocumentService initialized
2026-02-23 10:30:40 INFO  c.d.f.service.AgreementService - AgreementService initialized
2026-02-23 10:30:40 INFO  c.d.f.controller.AgreementController - AgreementController initialized
2026-02-23 10:30:41 INFO  c.d.factoraje.service.EntornoService - EntornoController initialized
2026-02-23 10:30:41 INFO  c.d.f.controller.AuthController - AuthController initialized
2026-02-23 10:30:41 INFO  c.d.f.controller.EntityController - EntityController initialized
2026-02-23 10:30:41 INFO  c.d.f.service.OperationsService - OperationsService inicializado y listo para usar el servicio de parámetros en caché.
2026-02-23 10:30:41 INFO  c.d.f.c.OperationsController - OperationsController initialized
2026-02-23 10:30:41 INFO  c.d.f.controller.AuthController - ParameterController initialized
2026-02-23 10:30:41 INFO  c.d.f.service.PermissionService - PermissionService initialized
2026-02-23 10:30:41 INFO  c.d.f.c.PermissionController - PermissionController initialized
2026-02-23 10:30:41 INFO  c.d.f.c.ProcessFileController - ProcessFileController initialized
2026-02-23 10:30:41 INFO  c.d.f.controller.RoleController - RoleController initialized
2026-02-23 10:30:41 WARN  o.s.b.w.s.c.AnnotationConfigServletWebServerApplicationContext - Exception encountered during context initialization - cancelling refresh attempt: org.springframework.beans.factory.UnsatisfiedDependencyException: Error creating bean with name 'ssoController' defined in file [C:\Users\91737\Documents\WORKPLACE\SOFTWARE DEVELOPMENT\Repositorios davicash\server-DAV-confirming\target\classes\com\davivienda\factoraje\controller\SsoController.class]: Unsatisfied dependency expressed through constructor parameter 0; nested exception is org.springframework.beans.factory.UnsatisfiedDependencyException: Error creating bean with name 'ssoService' defined in file [C:\Users\91737\Documents\WORKPLACE\SOFTWARE DEVELOPMENT\Repositorios davicash\server-DAV-confirming\target\classes\com\davivienda\factoraje\service\SsoService.class]: Unsatisfied dependency expressed through constructor parameter 3; nested exception is org.springframework.beans.factory.BeanCreationException: Error creating bean with name 'pendingSessionRepository' defined in com.davivienda.factoraje.repository.PendingSessionRepository defined in @EnableJpaRepositories declared on JpaRepositoriesRegistrar.EnableJpaRepositoriesConfiguration: Invocation of init method failed; nested exception is org.springframework.data.repository.query.QueryCreationException: Could not create query for public abstract void com.davivienda.factoraje.repository.PendingSessionRepository.deleteExpiredSessions(java.time.LocalDateTime); Reason: Validation failed for query for method public abstract void com.davivienda.factoraje.repository.PendingSessionRepository.deleteExpiredSessions(java.time.LocalDateTime)!; nested exception is java.lang.IllegalArgumentException: Validation failed for query for method public abstract void com.davivienda.factoraje.repository.PendingSessionRepository.deleteExpiredSessions(java.time.LocalDateTime)!
2026-02-23 10:30:41 INFO  o.s.o.j.LocalContainerEntityManagerFactoryBean - Closing JPA EntityManagerFactory for persistence unit 'default'
2026-02-23 10:30:41 INFO  com.zaxxer.hikari.HikariDataSource - HikariPool-1 - Shutdown initiated...
2026-02-23 10:30:41 INFO  com.zaxxer.hikari.HikariDataSource - HikariPool-1 - Shutdown completed.
2026-02-23 10:30:41 INFO  o.a.catalina.core.StandardService - Stopping service [Tomcat]
2026-02-23 10:30:41 INFO  o.s.b.a.l.ConditionEvaluationReportLoggingListener - 

Error starting ApplicationContext. To display the conditions report re-run your application with 'debug' enabled.
2026-02-23 10:30:41 ERROR o.s.boot.SpringApplication - Application run failed
org.springframework.beans.factory.UnsatisfiedDependencyException: Error creating bean with name 'ssoController' defined in file [C:\Users\91737\Documents\WORKPLACE\SOFTWARE DEVELOPMENT\Repositorios davicash\server-DAV-confirming\target\classes\com\davivienda\factoraje\controller\SsoController.class]: Unsatisfied dependency expressed through constructor parameter 0; nested exception is org.springframework.beans.factory.UnsatisfiedDependencyException: Error creating bean with name 'ssoService' defined in file [C:\Users\91737\Documents\WORKPLACE\SOFTWARE DEVELOPMENT\Repositorios davicash\server-DAV-confirming\target\classes\com\davivienda\factoraje\service\SsoService.class]: Unsatisfied dependency expressed through constructor parameter 3; nested exception is org.springframework.beans.factory.BeanCreationException: Error creating bean with name 'pendingSessionRepository' defined in com.davivienda.factoraje.repository.PendingSessionRepository defined in @EnableJpaRepositories declared on JpaRepositoriesRegistrar.EnableJpaRepositoriesConfiguration: Invocation of init method failed; nested exception is org.springframework.data.repository.query.QueryCreationException: Could not create query for public abstract void com.davivienda.factoraje.repository.PendingSessionRepository.deleteExpiredSessions(java.time.LocalDateTime); Reason: Validation failed for query for method public abstract void com.davivienda.factoraje.repository.PendingSessionRepository.deleteExpiredSessions(java.time.LocalDateTime)!; nested exception is java.lang.IllegalArgumentException: Validation failed for query for method public abstract void com.davivienda.factoraje.repository.PendingSessionRepository.deleteExpiredSessions(java.time.LocalDateTime)!
	at org.springframework.beans.factory.support.ConstructorResolver.createArgumentArray(ConstructorResolver.java:801)
	at org.springframework.beans.factory.support.ConstructorResolver.autowireConstructor(ConstructorResolver.java:224)
	at org.springframework.beans.factory.support.AbstractAutowireCapableBeanFactory.autowireConstructor(AbstractAutowireCapableBeanFactory.java:1372)
	at org.springframework.beans.factory.support.AbstractAutowireCapableBeanFactory.createBeanInstance(AbstractAutowireCapableBeanFactory.java:1222)
	at org.springframework.beans.factory.support.AbstractAutowireCapableBeanFactory.doCreateBean(AbstractAutowireCapableBeanFactory.java:582)
	at org.springframework.beans.factory.support.AbstractAutowireCapableBeanFactory.createBean(AbstractAutowireCapableBeanFactory.java:542)
	at org.springframework.beans.factory.support.AbstractBeanFactory.lambda$doGetBean$0(AbstractBeanFactory.java:335)
	at org.springframework.beans.factory.support.DefaultSingletonBeanRegistry.getSingleton(DefaultSingletonBeanRegistry.java:234)
	at org.springframework.beans.factory.support.AbstractBeanFactory.doGetBean(AbstractBeanFactory.java:333)
	at org.springframework.beans.factory.support.AbstractBeanFactory.getBean(AbstractBeanFactory.java:208)
	at org.springframework.beans.factory.support.DefaultListableBeanFactory.preInstantiateSingletons(DefaultListableBeanFactory.java:955)
	at org.springframework.context.support.AbstractApplicationContext.finishBeanFactoryInitialization(AbstractApplicationContext.java:929)
	at org.springframework.context.support.AbstractApplicationContext.refresh(AbstractApplicationContext.java:591)
	at org.springframework.boot.web.servlet.context.ServletWebServerApplicationContext.refresh(ServletWebServerApplicationContext.java:147)
	at org.springframework.boot.SpringApplication.refresh(SpringApplication.java:732)
	at org.springframework.boot.SpringApplication.refreshContext(SpringApplication.java:409)
	at org.springframework.boot.SpringApplication.run(SpringApplication.java:308)
	at org.springframework.boot.SpringApplication.run(SpringApplication.java:1300)
	at org.springframework.boot.SpringApplication.run(SpringApplication.java:1289)
	at com.davivienda.factoraje.FactorajeApplication.main(FactorajeApplication.java:16)
	at sun.reflect.NativeMethodAccessorImpl.invoke0(Native Method)
	at sun.reflect.NativeMethodAccessorImpl.invoke(NativeMethodAccessorImpl.java:62)
	at sun.reflect.DelegatingMethodAccessorImpl.invoke(DelegatingMethodAccessorImpl.java:43)
	at java.lang.reflect.Method.invoke(Method.java:498)
	at org.springframework.boot.devtools.restart.RestartLauncher.run(RestartLauncher.java:50)
Caused by: org.springframework.beans.factory.UnsatisfiedDependencyException: Error creating bean with name 'ssoService' defined in file [C:\Users\91737\Documents\WORKPLACE\SOFTWARE DEVELOPMENT\Repositorios davicash\server-DAV-confirming\target\classes\com\davivienda\factoraje\service\SsoService.class]: Unsatisfied dependency expressed through constructor parameter 3; nested exception is org.springframework.beans.factory.BeanCreationException: Error creating bean with name 'pendingSessionRepository' defined in com.davivienda.factoraje.repository.PendingSessionRepository defined in @EnableJpaRepositories declared on JpaRepositoriesRegistrar.EnableJpaRepositoriesConfiguration: Invocation of init method failed; nested exception is org.springframework.data.repository.query.QueryCreationException: Could not create query for public abstract void com.davivienda.factoraje.repository.PendingSessionRepository.deleteExpiredSessions(java.time.LocalDateTime); Reason: Validation failed for query for method public abstract void com.davivienda.factoraje.repository.PendingSessionRepository.deleteExpiredSessions(java.time.LocalDateTime)!; nested exception is java.lang.IllegalArgumentException: Validation failed for query for method public abstract void com.davivienda.factoraje.repository.PendingSessionRepository.deleteExpiredSessions(java.time.LocalDateTime)!
	at org.springframework.beans.factory.support.ConstructorResolver.createArgumentArray(ConstructorResolver.java:801)
	at org.springframework.beans.factory.support.ConstructorResolver.autowireConstructor(ConstructorResolver.java:224)
	at org.springframework.beans.factory.support.AbstractAutowireCapableBeanFactory.autowireConstructor(AbstractAutowireCapableBeanFactory.java:1372)
	at org.springframework.beans.factory.support.AbstractAutowireCapableBeanFactory.createBeanInstance(AbstractAutowireCapableBeanFactory.java:1222)
	at org.springframework.beans.factory.support.AbstractAutowireCapableBeanFactory.doCreateBean(AbstractAutowireCapableBeanFactory.java:582)
	at org.springframework.beans.factory.support.AbstractAutowireCapableBeanFactory.createBean(AbstractAutowireCapableBeanFactory.java:542)
	at org.springframework.beans.factory.support.AbstractBeanFactory.lambda$doGetBean$0(AbstractBeanFactory.java:335)
	at org.springframework.beans.factory.support.DefaultSingletonBeanRegistry.getSingleton(DefaultSingletonBeanRegistry.java:234)
	at org.springframework.beans.factory.support.AbstractBeanFactory.doGetBean(AbstractBeanFactory.java:333)
	at org.springframework.beans.factory.support.AbstractBeanFactory.getBean(AbstractBeanFactory.java:208)
	at org.springframework.beans.factory.config.DependencyDescriptor.resolveCandidate(DependencyDescriptor.java:276)
	at org.springframework.beans.factory.support.DefaultListableBeanFactory.doResolveDependency(DefaultListableBeanFactory.java:1391)
	at org.springframework.beans.factory.support.DefaultListableBeanFactory.resolveDependency(DefaultListableBeanFactory.java:1311)
	at org.springframework.beans.factory.support.ConstructorResolver.resolveAutowiredArgument(ConstructorResolver.java:911)
	at org.springframework.beans.factory.support.ConstructorResolver.createArgumentArray(ConstructorResolver.java:788)
	... 24 common frames omitted
Caused by: org.springframework.beans.factory.BeanCreationException: Error creating bean with name 'pendingSessionRepository' defined in com.davivienda.factoraje.repository.PendingSessionRepository defined in @EnableJpaRepositories declared on JpaRepositoriesRegistrar.EnableJpaRepositoriesConfiguration: Invocation of init method failed; nested exception is org.springframework.data.repository.query.QueryCreationException: Could not create query for public abstract void com.davivienda.factoraje.repository.PendingSessionRepository.deleteExpiredSessions(java.time.LocalDateTime); Reason: Validation failed for query for method public abstract void com.davivienda.factoraje.repository.PendingSessionRepository.deleteExpiredSessions(java.time.LocalDateTime)!; nested exception is java.lang.IllegalArgumentException: Validation failed for query for method public abstract void com.davivienda.factoraje.repository.PendingSessionRepository.deleteExpiredSessions(java.time.LocalDateTime)!
	at org.springframework.beans.factory.support.AbstractAutowireCapableBeanFactory.initializeBean(AbstractAutowireCapableBeanFactory.java:1804)
	at org.springframework.beans.factory.support.AbstractAutowireCapableBeanFactory.doCreateBean(AbstractAutowireCapableBeanFactory.java:620)
	at org.springframework.beans.factory.support.AbstractAutowireCapableBeanFactory.createBean(AbstractAutowireCapableBeanFactory.java:542)
	at org.springframework.beans.factory.support.AbstractBeanFactory.lambda$doGetBean$0(AbstractBeanFactory.java:335)
	at org.springframework.beans.factory.support.DefaultSingletonBeanRegistry.getSingleton(DefaultSingletonBeanRegistry.java:234)
	at org.springframework.beans.factory.support.AbstractBeanFactory.doGetBean(AbstractBeanFactory.java:333)
	at org.springframework.beans.factory.support.AbstractBeanFactory.getBean(AbstractBeanFactory.java:208)
	at org.springframework.beans.factory.config.DependencyDescriptor.resolveCandidate(DependencyDescriptor.java:276)
	at org.springframework.beans.factory.support.DefaultListableBeanFactory.doResolveDependency(DefaultListableBeanFactory.java:1391)
	at org.springframework.beans.factory.support.DefaultListableBeanFactory.resolveDependency(DefaultListableBeanFactory.java:1311)
	at org.springframework.beans.factory.support.ConstructorResolver.resolveAutowiredArgument(ConstructorResolver.java:911)
	at org.springframework.beans.factory.support.ConstructorResolver.createArgumentArray(ConstructorResolver.java:788)
	... 38 common frames omitted
Caused by: org.springframework.data.repository.query.QueryCreationException: Could not create query for public abstract void com.davivienda.factoraje.repository.PendingSessionRepository.deleteExpiredSessions(java.time.LocalDateTime); Reason: Validation failed for query for method public abstract void com.davivienda.factoraje.repository.PendingSessionRepository.deleteExpiredSessions(java.time.LocalDateTime)!; nested exception is java.lang.IllegalArgumentException: Validation failed for query for method public abstract void com.davivienda.factoraje.repository.PendingSessionRepository.deleteExpiredSessions(java.time.LocalDateTime)!
	at org.springframework.data.repository.query.QueryCreationException.create(QueryCreationException.java:101)
	at org.springframework.data.repository.core.support.QueryExecutorMethodInterceptor.lookupQuery(QueryExecutorMethodInterceptor.java:107)
	at org.springframework.data.repository.core.support.QueryExecutorMethodInterceptor.lambda$mapMethodsToQuery$1(QueryExecutorMethodInterceptor.java:95)
	at java.util.stream.ReferencePipeline$3$1.accept(ReferencePipeline.java:193)
	at java.util.Iterator.forEachRemaining(Iterator.java:116)
	at java.util.Collections$UnmodifiableCollection$1.forEachRemaining(Collections.java:1051)
	at java.util.Spliterators$IteratorSpliterator.forEachRemaining(Spliterators.java:1801)
	at java.util.stream.AbstractPipeline.copyInto(AbstractPipeline.java:482)
	at java.util.stream.AbstractPipeline.wrapAndCopyInto(AbstractPipeline.java:472)
	at java.util.stream.ReduceOps$ReduceOp.evaluateSequential(ReduceOps.java:708)
	at java.util.stream.AbstractPipeline.evaluate(AbstractPipeline.java:234)
	at java.util.stream.ReferencePipeline.collect(ReferencePipeline.java:499)
	at org.springframework.data.repository.core.support.QueryExecutorMethodInterceptor.mapMethodsToQuery(QueryExecutorMethodInterceptor.java:97)
	at org.springframework.data.repository.core.support.QueryExecutorMethodInterceptor.lambda$new$0(QueryExecutorMethodInterceptor.java:87)
	at java.util.Optional.map(Optional.java:215)
	at org.springframework.data.repository.core.support.QueryExecutorMethodInterceptor.<init>(QueryExecutorMethodInterceptor.java:87)
	at org.springframework.data.repository.core.support.RepositoryFactorySupport.getRepository(RepositoryFactorySupport.java:365)
	at org.springframework.data.repository.core.support.RepositoryFactoryBeanSupport.lambda$afterPropertiesSet$5(RepositoryFactoryBeanSupport.java:323)
	at org.springframework.data.util.Lazy.getNullable(Lazy.java:231)
	at org.springframework.data.util.Lazy.get(Lazy.java:115)
	at org.springframework.data.repository.core.support.RepositoryFactoryBeanSupport.afterPropertiesSet(RepositoryFactoryBeanSupport.java:329)
	at org.springframework.data.jpa.repository.support.JpaRepositoryFactoryBean.afterPropertiesSet(JpaRepositoryFactoryBean.java:144)
	at org.springframework.beans.factory.support.AbstractAutowireCapableBeanFactory.invokeInitMethods(AbstractAutowireCapableBeanFactory.java:1863)
	at org.springframework.beans.factory.support.AbstractAutowireCapableBeanFactory.initializeBean(AbstractAutowireCapableBeanFactory.java:1800)
	... 49 common frames omitted
Caused by: java.lang.IllegalArgumentException: Validation failed for query for method public abstract void com.davivienda.factoraje.repository.PendingSessionRepository.deleteExpiredSessions(java.time.LocalDateTime)!
	at org.springframework.data.jpa.repository.query.SimpleJpaQuery.validateQuery(SimpleJpaQuery.java:96)
	at org.springframework.data.jpa.repository.query.SimpleJpaQuery.<init>(SimpleJpaQuery.java:66)
	at org.springframework.data.jpa.repository.query.JpaQueryFactory.fromMethodWithQueryString(JpaQueryFactory.java:51)
	at org.springframework.data.jpa.repository.query.JpaQueryLookupStrategy$DeclaredQueryLookupStrategy.resolveQuery(JpaQueryLookupStrategy.java:169)
	at org.springframework.data.jpa.repository.query.JpaQueryLookupStrategy$CreateIfNotFoundQueryLookupStrategy.resolveQuery(JpaQueryLookupStrategy.java:253)
	at org.springframework.data.jpa.repository.query.JpaQueryLookupStrategy$AbstractQueryLookupStrategy.resolveQuery(JpaQueryLookupStrategy.java:93)
	at org.springframework.data.repository.core.support.QueryExecutorMethodInterceptor.lookupQuery(QueryExecutorMethodInterceptor.java:103)
	... 71 common frames omitted
Caused by: java.lang.IllegalArgumentException: org.hibernate.hql.internal.ast.QuerySyntaxException: sso_pending_sessions is not mapped [DELETE FROM sso_pending_sessions p WHERE p.expiresAt < :now]
	at org.hibernate.internal.ExceptionConverterImpl.convert(ExceptionConverterImpl.java:138)
	at org.hibernate.internal.ExceptionConverterImpl.convert(ExceptionConverterImpl.java:181)
	at org.hibernate.internal.ExceptionConverterImpl.convert(ExceptionConverterImpl.java:188)
	at org.hibernate.internal.AbstractSharedSessionContract.createQuery(AbstractSharedSessionContract.java:757)
	at org.hibernate.internal.AbstractSharedSessionContract.createQuery(AbstractSharedSessionContract.java:114)
	at sun.reflect.NativeMethodAccessorImpl.invoke0(Native Method)
	at sun.reflect.NativeMethodAccessorImpl.invoke(NativeMethodAccessorImpl.java:62)
	at sun.reflect.DelegatingMethodAccessorImpl.invoke(DelegatingMethodAccessorImpl.java:43)
	at java.lang.reflect.Method.invoke(Method.java:498)
	at org.springframework.orm.jpa.ExtendedEntityManagerCreator$ExtendedEntityManagerInvocationHandler.invoke(ExtendedEntityManagerCreator.java:362)
	at com.sun.proxy.$Proxy131.createQuery(Unknown Source)
	at org.springframework.data.jpa.repository.query.SimpleJpaQuery.validateQuery(SimpleJpaQuery.java:90)
	... 77 common frames omitted
Caused by: org.hibernate.hql.internal.ast.QuerySyntaxException: sso_pending_sessions is not mapped [DELETE FROM sso_pending_sessions p WHERE p.expiresAt < :now]
	at org.hibernate.hql.internal.ast.QuerySyntaxException.generateQueryException(QuerySyntaxException.java:79)
	at org.hibernate.QueryException.wrapWithQueryString(QueryException.java:103)
	at org.hibernate.hql.internal.ast.QueryTranslatorImpl.doCompile(QueryTranslatorImpl.java:220)
	at org.hibernate.hql.internal.ast.QueryTranslatorImpl.compile(QueryTranslatorImpl.java:144)
	at org.hibernate.engine.query.spi.HQLQueryPlan.<init>(HQLQueryPlan.java:112)
	at org.hibernate.engine.query.spi.HQLQueryPlan.<init>(HQLQueryPlan.java:73)
	at org.hibernate.engine.query.spi.QueryPlanCache.getHQLQueryPlan(QueryPlanCache.java:162)
	at org.hibernate.internal.AbstractSharedSessionContract.getQueryPlan(AbstractSharedSessionContract.java:636)
	at org.hibernate.internal.AbstractSharedSessionContract.createQuery(AbstractSharedSessionContract.java:748)
	... 85 common frames omitted
Caused by: org.hibernate.hql.internal.ast.QuerySyntaxException: sso_pending_sessions is not mapped
	at org.hibernate.hql.internal.ast.util.SessionFactoryHelper.requireClassPersister(SessionFactoryHelper.java:170)
	at org.hibernate.hql.internal.ast.tree.FromElementFactory.addFromElement(FromElementFactory.java:91)
	at org.hibernate.hql.internal.ast.tree.FromClause.addFromElement(FromClause.java:77)
	at org.hibernate.hql.internal.ast.HqlSqlWalker.createFromElement(HqlSqlWalker.java:334)
	at org.hibernate.hql.internal.antlr.HqlSqlBaseWalker.fromElement(HqlSqlBaseWalker.java:3782)
	at org.hibernate.hql.internal.antlr.HqlSqlBaseWalker.fromElementList(HqlSqlBaseWalker.java:3671)
	at org.hibernate.hql.internal.antlr.HqlSqlBaseWalker.fromClause(HqlSqlBaseWalker.java:746)
	at org.hibernate.hql.internal.antlr.HqlSqlBaseWalker.deleteStatement(HqlSqlBaseWalker.java:475)
	at org.hibernate.hql.internal.antlr.HqlSqlBaseWalker.statement(HqlSqlBaseWalker.java:303)
	at org.hibernate.hql.internal.ast.QueryTranslatorImpl.analyze(QueryTranslatorImpl.java:276)
	at org.hibernate.hql.internal.ast.QueryTranslatorImpl.doCompile(QueryTranslatorImpl.java:192)
	... 91 common frames omitted
2026-02-23 10:34:37 INFO  c.d.factoraje.FactorajeApplication - Starting FactorajeApplication using Java 1.8.0_441 on SV03L000N3218 with PID 20548 (C:\Users\91737\Documents\WORKPLACE\SOFTWARE DEVELOPMENT\Repositorios davicash\server-DAV-confirming\target\classes started by 91737 in C:\Users\91737\Documents\WORKPLACE\SOFTWARE DEVELOPMENT\Repositorios davicash\server-DAV-confirming)
2026-02-23 10:34:37 INFO  c.d.factoraje.FactorajeApplication - No active profile set, falling back to 1 default profile: "default"
2026-02-23 10:34:37 INFO  o.s.b.d.e.DevToolsPropertyDefaultsPostProcessor - Devtools property defaults active! Set 'spring.devtools.add-properties' to 'false' to disable
2026-02-23 10:34:37 INFO  o.s.b.d.e.DevToolsPropertyDefaultsPostProcessor - For additional web related logging consider setting the 'logging.level.web' property to 'DEBUG'
2026-02-23 10:34:39 INFO  o.s.d.r.c.RepositoryConfigurationDelegate - Bootstrapping Spring Data JPA repositories in DEFAULT mode.
2026-02-23 10:34:40 INFO  o.s.d.r.c.RepositoryConfigurationDelegate - Finished Spring Data repository scanning in 883 ms. Found 13 JPA repository interfaces.
2026-02-23 10:34:44 INFO  o.s.b.w.e.tomcat.TomcatWebServer - Tomcat initialized with port(s): 8080 (http)
2026-02-23 10:34:44 INFO  o.a.catalina.core.StandardService - Starting service [Tomcat]
2026-02-23 10:34:44 INFO  o.a.catalina.core.StandardEngine - Starting Servlet engine: [Apache Tomcat/9.0.83]
2026-02-23 10:34:44 INFO  o.a.c.c.C.[Tomcat].[localhost].[/] - Initializing Spring embedded WebApplicationContext
2026-02-23 10:34:44 INFO  o.s.b.w.s.c.ServletWebServerApplicationContext - Root WebApplicationContext: initialization completed in 7283 ms
2026-02-23 10:34:44 INFO  com.zaxxer.hikari.HikariDataSource - HikariPool-1 - Starting...
2026-02-23 10:34:46 INFO  com.zaxxer.hikari.HikariDataSource - HikariPool-1 - Start completed.
2026-02-23 10:34:46 INFO  o.h.jpa.internal.util.LogHelper - HHH000204: Processing PersistenceUnitInfo [name: default]
2026-02-23 10:34:46 INFO  org.hibernate.Version - HHH000412: Hibernate ORM core version 5.6.15.Final
2026-02-23 10:34:47 INFO  o.h.annotations.common.Version - HCANN000001: Hibernate Commons Annotations {5.1.2.Final}
2026-02-23 10:34:47 INFO  org.hibernate.dialect.Dialect - HHH000400: Using dialect: org.hibernate.dialect.PostgreSQLDialect
2026-02-23 10:34:49 INFO  o.h.e.t.j.p.i.JtaPlatformInitiator - HHH000490: Using JtaPlatform implementation: [org.hibernate.engine.transaction.jta.platform.internal.NoJtaPlatform]
2026-02-23 10:34:49 INFO  o.s.o.j.LocalContainerEntityManagerFactoryBean - Initialized JPA EntityManagerFactory for persistence unit 'default'
2026-02-23 10:34:51 INFO  c.d.f.service.OperationsService - Clave secreta para JWT cargada correctamente.
2026-02-23 10:34:51 INFO  c.d.f.service.OperationsService - Tiempo de expiración para JWT cargado: 900000 ms.
2026-02-23 10:34:51 INFO  c.d.factoraje.service.RoleService - RoleService initialized
2026-02-23 10:34:51 INFO  c.d.factoraje.service.UserService - UserService initialized
2026-02-23 10:34:52 INFO  c.d.factoraje.service.EntityService - EntityService initialized
2026-02-23 10:34:52 INFO  c.d.f.service.DocumentService - DocumentService initialized
2026-02-23 10:34:52 INFO  c.d.f.service.AgreementService - AgreementService initialized
2026-02-23 10:34:52 INFO  c.d.f.controller.AgreementController - AgreementController initialized
2026-02-23 10:34:52 INFO  c.d.factoraje.service.EntornoService - EntornoController initialized
2026-02-23 10:34:52 INFO  c.d.f.controller.AuthController - AuthController initialized
2026-02-23 10:34:52 INFO  c.d.f.controller.EntityController - EntityController initialized
2026-02-23 10:34:52 INFO  c.d.f.service.OperationsService - OperationsService inicializado y listo para usar el servicio de parámetros en caché.
2026-02-23 10:34:52 INFO  c.d.f.c.OperationsController - OperationsController initialized
2026-02-23 10:34:52 INFO  c.d.f.controller.AuthController - ParameterController initialized
2026-02-23 10:34:52 INFO  c.d.f.service.PermissionService - PermissionService initialized
2026-02-23 10:34:52 INFO  c.d.f.c.PermissionController - PermissionController initialized
2026-02-23 10:34:52 INFO  c.d.f.c.ProcessFileController - ProcessFileController initialized
2026-02-23 10:34:52 INFO  c.d.f.controller.RoleController - RoleController initialized
2026-02-23 10:34:52 INFO  c.d.f.controller.UserController - UserController initialized
2026-02-23 10:34:52 INFO  c.d.factoraje.auth.InitEntorno - Inicio--------------
2026-02-23 10:34:52 INFO  c.d.factoraje.auth.InitEntorno - ------- Establenciendo conexion --------
2026-02-23 10:34:52 INFO  c.d.f.d.FabricaEntornoCoreSpring - parametro de conexion jndi: java:comp/env/jdbc/J2EntornoDB
2026-02-23 10:34:52 ERROR c.d.f.d.FabricaEntornoCoreSpring - FabricaEntornoCoreSpring||obtenerSpringDSConexion error en la configuracion del jndy
2026-02-23 10:34:52 INFO  c.d.f.d.FabricaEntornoCoreSpring - parametro de conexion jndi: java:comp/env/jdbc/J2EntornoDB
2026-02-23 10:34:52 ERROR c.d.f.d.FabricaEntornoCoreSpring - FabricaEntornoCoreSpring||obtenerSpringDSConexion error en la configuracion del jndy
2026-02-23 10:34:52 INFO  c.d.factoraje.auth.InitEntorno - Codigo App Entorno: FactorajeAuthBEL
2026-02-23 10:34:52 INFO  c.d.factoraje.auth.InitEntorno - TotalFabricas:::1
2026-02-23 10:34:52 INFO  c.d.factoraje.auth.InitEntorno - Fin-----------------
2026-02-23 10:34:53 WARN  o.s.b.a.o.j.JpaBaseConfiguration$JpaWebConfiguration - spring.jpa.open-in-view is enabled by default. Therefore, database queries may be performed during view rendering. Explicitly configure spring.jpa.open-in-view to disable this warning
2026-02-23 10:34:54 INFO  o.s.b.d.a.OptionalLiveReloadServer - LiveReload server is running on port 35729
2026-02-23 10:34:54 INFO  o.s.b.w.e.tomcat.TomcatWebServer - Tomcat started on port(s): 8080 (http) with context path ''
2026-02-23 10:34:54 INFO  c.d.factoraje.FactorajeApplication - Started FactorajeApplication in 17.989 seconds (JVM running for 19.417)
2026-02-23 10:44:39 INFO  o.s.b.d.a.LocalDevToolsAutoConfiguration$RestartingClassPathChangeChangedEventListener - Restarting due to 1 class path change (0 additions, 0 deletions, 1 modification)
2026-02-23 10:44:42 INFO  o.a.catalina.core.StandardService - Stopping service [Tomcat]
2026-02-23 10:44:42 WARN  o.a.c.loader.WebappClassLoaderBase - The web application [ROOT] appears to have started a thread named [HikariPool-1 housekeeper] but has failed to stop it. This is very likely to create a memory leak. Stack trace of thread:
 sun.misc.Unsafe.park(Native Method)
 java.util.concurrent.locks.LockSupport.parkNanos(LockSupport.java:215)
 java.util.concurrent.locks.AbstractQueuedSynchronizer$ConditionObject.awaitNanos(AbstractQueuedSynchronizer.java:2078)
 java.util.concurrent.ScheduledThreadPoolExecutor$DelayedWorkQueue.take(ScheduledThreadPoolExecutor.java:1093)
 java.util.concurrent.ScheduledThreadPoolExecutor$DelayedWorkQueue.take(ScheduledThreadPoolExecutor.java:809)
 java.util.concurrent.ThreadPoolExecutor.getTask(ThreadPoolExecutor.java:1074)
 java.util.concurrent.ThreadPoolExecutor.runWorker(ThreadPoolExecutor.java:1134)
 java.util.concurrent.ThreadPoolExecutor$Worker.run(ThreadPoolExecutor.java:624)
 java.lang.Thread.run(Thread.java:750)
2026-02-23 10:44:42 INFO  o.s.o.j.LocalContainerEntityManagerFactoryBean - Closing JPA EntityManagerFactory for persistence unit 'default'
2026-02-23 10:44:42 INFO  com.zaxxer.hikari.HikariDataSource - HikariPool-1 - Shutdown initiated...
2026-02-23 10:44:42 INFO  com.zaxxer.hikari.HikariDataSource - HikariPool-1 - Shutdown completed.
2026-02-23 14:35:00 INFO  c.d.factoraje.FactorajeApplication - Starting FactorajeApplication using Java 1.8.0_441 on SV03L000N3218 with PID 13536 (C:\Users\91737\Documents\WORKPLACE\SOFTWARE DEVELOPMENT\Repositorios davicash\server-DAV-confirming\target\classes started by 91737 in C:\Users\91737\Documents\WORKPLACE\SOFTWARE DEVELOPMENT\Repositorios davicash\server-DAV-confirming)
2026-02-23 14:35:00 INFO  c.d.factoraje.FactorajeApplication - No active profile set, falling back to 1 default profile: "default"
2026-02-23 14:35:00 INFO  o.s.b.d.e.DevToolsPropertyDefaultsPostProcessor - Devtools property defaults active! Set 'spring.devtools.add-properties' to 'false' to disable
2026-02-23 14:35:00 INFO  o.s.b.d.e.DevToolsPropertyDefaultsPostProcessor - For additional web related logging consider setting the 'logging.level.web' property to 'DEBUG'
2026-02-23 14:35:02 INFO  o.s.d.r.c.RepositoryConfigurationDelegate - Bootstrapping Spring Data JPA repositories in DEFAULT mode.
2026-02-23 14:35:03 INFO  o.s.d.r.c.RepositoryConfigurationDelegate - Finished Spring Data repository scanning in 527 ms. Found 13 JPA repository interfaces.
2026-02-23 14:35:07 INFO  o.s.b.w.e.tomcat.TomcatWebServer - Tomcat initialized with port(s): 8080 (http)
2026-02-23 14:35:07 INFO  o.a.catalina.core.StandardService - Starting service [Tomcat]
2026-02-23 14:35:07 INFO  o.a.catalina.core.StandardEngine - Starting Servlet engine: [Apache Tomcat/9.0.83]
2026-02-23 14:35:07 INFO  o.a.c.c.C.[Tomcat].[localhost].[/] - Initializing Spring embedded WebApplicationContext
2026-02-23 14:35:07 INFO  o.s.b.w.s.c.ServletWebServerApplicationContext - Root WebApplicationContext: initialization completed in 7379 ms
2026-02-23 14:35:08 INFO  com.zaxxer.hikari.HikariDataSource - HikariPool-1 - Starting...
2026-02-23 14:35:09 INFO  com.zaxxer.hikari.HikariDataSource - HikariPool-1 - Start completed.
2026-02-23 14:35:09 INFO  o.h.jpa.internal.util.LogHelper - HHH000204: Processing PersistenceUnitInfo [name: default]
2026-02-23 14:35:09 INFO  org.hibernate.Version - HHH000412: Hibernate ORM core version 5.6.15.Final
2026-02-23 14:35:10 INFO  o.h.annotations.common.Version - HCANN000001: Hibernate Commons Annotations {5.1.2.Final}
2026-02-23 14:35:10 INFO  org.hibernate.dialect.Dialect - HHH000400: Using dialect: org.hibernate.dialect.PostgreSQLDialect
2026-02-23 14:35:12 INFO  org.hibernate.tuple.PojoInstantiator - HHH000182: No default (no-argument) constructor for class: com.davivienda.factoraje.domain.model.LogDocumentModel (class must be instantiated by Interceptor)
2026-02-23 14:35:12 INFO  o.h.e.t.j.p.i.JtaPlatformInitiator - HHH000490: Using JtaPlatform implementation: [org.hibernate.engine.transaction.jta.platform.internal.NoJtaPlatform]
2026-02-23 14:35:12 INFO  o.s.o.j.LocalContainerEntityManagerFactoryBean - Initialized JPA EntityManagerFactory for persistence unit 'default'
2026-02-23 14:35:15 INFO  c.d.f.service.OperationsService - Clave secreta para JWT cargada correctamente.
2026-02-23 14:35:15 INFO  c.d.f.service.OperationsService - Tiempo de expiración para JWT cargado: 900000 ms.
2026-02-23 14:35:15 INFO  c.d.factoraje.service.RoleService - RoleService initialized
2026-02-23 14:35:15 INFO  c.d.factoraje.service.UserService - UserService initialized
2026-02-23 14:35:15 INFO  c.d.factoraje.service.EntityService - EntityService initialized
2026-02-23 14:35:15 INFO  c.d.f.service.DocumentService - DocumentService initialized
2026-02-23 14:35:15 INFO  c.d.f.service.AgreementService - AgreementService initialized
2026-02-23 14:35:15 INFO  c.d.f.controller.AgreementController - AgreementController initialized
2026-02-23 14:35:16 INFO  c.d.factoraje.service.EntornoService - EntornoController initialized
2026-02-23 14:35:16 INFO  c.d.f.controller.AuthController - AuthController initialized
2026-02-23 14:35:16 INFO  c.d.f.controller.EntityController - EntityController initialized
2026-02-23 14:35:16 INFO  c.d.f.service.OperationsService - OperationsService inicializado y listo para usar el servicio de parámetros en caché.
2026-02-23 14:35:16 INFO  c.d.f.c.OperationsController - OperationsController initialized
2026-02-23 14:35:16 INFO  c.d.f.controller.AuthController - ParameterController initialized
2026-02-23 14:35:16 INFO  c.d.f.service.PermissionService - PermissionService initialized
2026-02-23 14:35:16 INFO  c.d.f.c.PermissionController - PermissionController initialized
2026-02-23 14:35:16 INFO  c.d.f.c.ProcessFileController - ProcessFileController initialized
2026-02-23 14:35:16 INFO  c.d.f.controller.RoleController - RoleController initialized
2026-02-23 14:35:16 INFO  c.d.f.controller.UserController - UserController initialized
2026-02-23 14:35:16 INFO  c.d.factoraje.auth.InitEntorno - Inicio--------------
2026-02-23 14:35:16 INFO  c.d.factoraje.auth.InitEntorno - ------- Establenciendo conexion --------
2026-02-23 14:35:16 INFO  c.d.f.d.FabricaEntornoCoreSpring - parametro de conexion jndi: java:comp/env/jdbc/J2EntornoDB
2026-02-23 14:35:16 ERROR c.d.f.d.FabricaEntornoCoreSpring - FabricaEntornoCoreSpring||obtenerSpringDSConexion error en la configuracion del jndy
2026-02-23 14:35:16 INFO  c.d.f.d.FabricaEntornoCoreSpring - parametro de conexion jndi: java:comp/env/jdbc/J2EntornoDB
2026-02-23 14:35:16 ERROR c.d.f.d.FabricaEntornoCoreSpring - FabricaEntornoCoreSpring||obtenerSpringDSConexion error en la configuracion del jndy
2026-02-23 14:35:16 INFO  c.d.factoraje.auth.InitEntorno - Codigo App Entorno: FactorajeAuthBEL
2026-02-23 14:35:16 INFO  c.d.factoraje.auth.InitEntorno - TotalFabricas:::1
2026-02-23 14:35:16 INFO  c.d.factoraje.auth.InitEntorno - Fin-----------------
2026-02-23 14:35:16 WARN  o.s.b.a.o.j.JpaBaseConfiguration$JpaWebConfiguration - spring.jpa.open-in-view is enabled by default. Therefore, database queries may be performed during view rendering. Explicitly configure spring.jpa.open-in-view to disable this warning
2026-02-23 14:35:18 INFO  o.s.b.d.a.OptionalLiveReloadServer - LiveReload server is running on port 35729
2026-02-23 14:35:18 INFO  o.s.b.w.e.tomcat.TomcatWebServer - Tomcat started on port(s): 8080 (http) with context path ''
2026-02-23 14:35:18 INFO  c.d.factoraje.FactorajeApplication - Started FactorajeApplication in 20.445 seconds (JVM running for 22.949)
2026-02-23 17:02:04 INFO  c.d.factoraje.FactorajeApplication - Starting FactorajeApplication using Java 1.8.0_441 on SV03L000N3218 with PID 1324 (C:\Users\91737\Documents\WORKPLACE\SOFTWARE DEVELOPMENT\Repositorios davicash\server-DAV-confirming\target\classes started by 91737 in C:\Users\91737\Documents\WORKPLACE\SOFTWARE DEVELOPMENT\Repositorios davicash\server-DAV-confirming)
2026-02-23 17:02:04 INFO  c.d.factoraje.FactorajeApplication - No active profile set, falling back to 1 default profile: "default"
2026-02-23 17:02:04 INFO  o.s.b.d.e.DevToolsPropertyDefaultsPostProcessor - Devtools property defaults active! Set 'spring.devtools.add-properties' to 'false' to disable
2026-02-23 17:02:04 INFO  o.s.b.d.e.DevToolsPropertyDefaultsPostProcessor - For additional web related logging consider setting the 'logging.level.web' property to 'DEBUG'
2026-02-23 17:02:07 INFO  o.s.d.r.c.RepositoryConfigurationDelegate - Bootstrapping Spring Data JPA repositories in DEFAULT mode.
2026-02-23 17:02:07 INFO  o.s.d.r.c.RepositoryConfigurationDelegate - Finished Spring Data repository scanning in 512 ms. Found 13 JPA repository interfaces.
2026-02-23 17:02:11 INFO  o.s.b.w.e.tomcat.TomcatWebServer - Tomcat initialized with port(s): 8080 (http)
2026-02-23 17:02:11 INFO  o.a.catalina.core.StandardService - Starting service [Tomcat]
2026-02-23 17:02:11 INFO  o.a.catalina.core.StandardEngine - Starting Servlet engine: [Apache Tomcat/9.0.83]
2026-02-23 17:02:12 INFO  o.a.c.c.C.[Tomcat].[localhost].[/] - Initializing Spring embedded WebApplicationContext
2026-02-23 17:02:12 INFO  o.s.b.w.s.c.ServletWebServerApplicationContext - Root WebApplicationContext: initialization completed in 7113 ms
2026-02-23 17:02:12 INFO  com.zaxxer.hikari.HikariDataSource - HikariPool-1 - Starting...
2026-02-23 17:02:14 INFO  com.zaxxer.hikari.HikariDataSource - HikariPool-1 - Start completed.
2026-02-23 17:02:14 INFO  o.h.jpa.internal.util.LogHelper - HHH000204: Processing PersistenceUnitInfo [name: default]
2026-02-23 17:02:14 INFO  org.hibernate.Version - HHH000412: Hibernate ORM core version 5.6.15.Final
2026-02-23 17:02:14 INFO  o.h.annotations.common.Version - HCANN000001: Hibernate Commons Annotations {5.1.2.Final}
2026-02-23 17:02:15 INFO  org.hibernate.dialect.Dialect - HHH000400: Using dialect: org.hibernate.dialect.PostgreSQLDialect
2026-02-23 17:02:17 INFO  org.hibernate.tuple.PojoInstantiator - HHH000182: No default (no-argument) constructor for class: com.davivienda.factoraje.domain.model.LogDocumentModel (class must be instantiated by Interceptor)
2026-02-23 17:02:17 INFO  o.h.e.t.j.p.i.JtaPlatformInitiator - HHH000490: Using JtaPlatform implementation: [org.hibernate.engine.transaction.jta.platform.internal.NoJtaPlatform]
2026-02-23 17:02:17 INFO  o.s.o.j.LocalContainerEntityManagerFactoryBean - Initialized JPA EntityManagerFactory for persistence unit 'default'
2026-02-23 17:02:20 INFO  c.d.f.service.OperationsService - Clave secreta para JWT cargada correctamente.
2026-02-23 17:02:20 INFO  c.d.f.service.OperationsService - Tiempo de expiración para JWT cargado: 900000 ms.
2026-02-23 17:02:21 INFO  c.d.factoraje.service.RoleService - RoleService initialized
2026-02-23 17:02:21 INFO  c.d.factoraje.service.UserService - UserService initialized
2026-02-23 17:02:21 INFO  c.d.factoraje.service.EntityService - EntityService initialized
2026-02-23 17:02:21 INFO  c.d.f.service.DocumentService - DocumentService initialized
2026-02-23 17:02:21 INFO  c.d.f.service.AgreementService - AgreementService initialized
2026-02-23 17:02:21 INFO  c.d.f.controller.AgreementController - AgreementController initialized
2026-02-23 17:02:21 INFO  c.d.factoraje.service.EntornoService - EntornoController initialized
2026-02-23 17:02:21 INFO  c.d.f.controller.AuthController - AuthController initialized
2026-02-23 17:02:21 INFO  c.d.f.controller.EntityController - EntityController initialized
2026-02-23 17:02:21 INFO  c.d.f.service.OperationsService - OperationsService inicializado y listo para usar el servicio de parámetros en caché.
2026-02-23 17:02:21 INFO  c.d.f.c.OperationsController - OperationsController initialized
2026-02-23 17:02:21 INFO  c.d.f.controller.AuthController - ParameterController initialized
2026-02-23 17:02:21 INFO  c.d.f.service.PermissionService - PermissionService initialized
2026-02-23 17:02:21 INFO  c.d.f.c.PermissionController - PermissionController initialized
2026-02-23 17:02:21 INFO  c.d.f.c.ProcessFileController - ProcessFileController initialized
2026-02-23 17:02:21 INFO  c.d.f.controller.RoleController - RoleController initialized
2026-02-23 17:02:21 INFO  c.d.f.controller.UserController - UserController initialized
2026-02-23 17:02:21 INFO  c.d.factoraje.auth.InitEntorno - Inicio--------------
2026-02-23 17:02:21 INFO  c.d.factoraje.auth.InitEntorno - ------- Establenciendo conexion --------
2026-02-23 17:02:21 INFO  c.d.f.d.FabricaEntornoCoreSpring - parametro de conexion jndi: java:comp/env/jdbc/J2EntornoDB
2026-02-23 17:02:21 ERROR c.d.f.d.FabricaEntornoCoreSpring - FabricaEntornoCoreSpring||obtenerSpringDSConexion error en la configuracion del jndy
2026-02-23 17:02:21 INFO  c.d.f.d.FabricaEntornoCoreSpring - parametro de conexion jndi: java:comp/env/jdbc/J2EntornoDB
2026-02-23 17:02:21 ERROR c.d.f.d.FabricaEntornoCoreSpring - FabricaEntornoCoreSpring||obtenerSpringDSConexion error en la configuracion del jndy
2026-02-23 17:02:21 INFO  c.d.factoraje.auth.InitEntorno - Codigo App Entorno: FactorajeAuthBEL
2026-02-23 17:02:21 INFO  c.d.factoraje.auth.InitEntorno - TotalFabricas:::1
2026-02-23 17:02:21 INFO  c.d.factoraje.auth.InitEntorno - Fin-----------------
2026-02-23 17:02:22 WARN  o.s.b.a.o.j.JpaBaseConfiguration$JpaWebConfiguration - spring.jpa.open-in-view is enabled by default. Therefore, database queries may be performed during view rendering. Explicitly configure spring.jpa.open-in-view to disable this warning
2026-02-23 17:02:23 INFO  o.s.b.d.a.OptionalLiveReloadServer - LiveReload server is running on port 35729
2026-02-23 17:02:23 INFO  o.s.b.w.e.tomcat.TomcatWebServer - Tomcat started on port(s): 8080 (http) with context path ''
2026-02-23 17:02:23 INFO  c.d.factoraje.FactorajeApplication - Started FactorajeApplication in 19.932 seconds (JVM running for 21.078)
2026-02-23 17:02:36 INFO  o.a.c.c.C.[Tomcat].[localhost].[/] - Initializing Spring DispatcherServlet 'dispatcherServlet'
2026-02-23 17:02:36 INFO  o.s.web.servlet.DispatcherServlet - Initializing Servlet 'dispatcherServlet'
2026-02-23 17:02:36 INFO  o.s.web.servlet.DispatcherServlet - Completed initialization in 2 ms
2026-02-23 17:02:36 WARN  c.d.f.service.OperationsService - El token JWT ha expirado: JWT expired at 2026-02-23T18:00:54Z. Current time: 2026-02-23T23:02:36Z, a difference of 18102331 milliseconds.  Allowed clock skew: 0 milliseconds.
2026-02-23 17:02:40 WARN  c.d.f.service.OperationsService - El token JWT ha expirado: JWT expired at 2026-02-23T18:00:54Z. Current time: 2026-02-23T23:02:40Z, a difference of 18106573 milliseconds.  Allowed clock skew: 0 milliseconds.
2026-02-23 17:02:42 WARN  c.d.f.service.OperationsService - El token JWT ha expirado: JWT expired at 2026-02-23T18:00:54Z. Current time: 2026-02-23T23:02:42Z, a difference of 18108460 milliseconds.  Allowed clock skew: 0 milliseconds.
2026-02-23 17:02:43 WARN  c.d.f.service.OperationsService - El token JWT ha expirado: JWT expired at 2026-02-23T18:00:54Z. Current time: 2026-02-23T23:02:43Z, a difference of 18109758 milliseconds.  Allowed clock skew: 0 milliseconds.
2026-02-23 17:06:48 WARN  o.s.w.s.m.m.a.ExceptionHandlerExceptionResolver - Resolved [java.lang.RuntimeException: Error consumiendo API Validate-OTC: 500 Internal Server Error: "{"success":false,"error":{"message":"No se encontró registro de OTC","code":"ERROR_500","http_status":500},"timestamp":"2026-02-23T17:06:47Z","agent":"API_VALIDATE_OTC"}<EOL>"]
